INFO 2024-04-13 20:42:59,460 autoreload 11152 13884 Watching for file changes with StatReloader
INFO 2024-04-13 20:46:27,231 autoreload 9756 1992 Watching for file changes with StatReloader
INFO 2024-04-13 20:55:34,819 autoreload 15248 15308 Watching for file changes with StatReloader
INFO 2024-04-13 20:56:06,237 autoreload 15248 15308 E:\GeekBrains\Учеба GeekBrains\3 quarter. Final\2. Django framework (Seminars)\GB_Django\Seminar4\myprojectseminar\gameapp\forms.py changed, reloading.
INFO 2024-04-13 20:56:06,894 autoreload 6388 13624 Watching for file changes with StatReloader
INFO 2024-04-13 20:56:14,422 autoreload 6388 13624 E:\GeekBrains\Учеба GeekBrains\3 quarter. Final\2. Django framework (Seminars)\GB_Django\Seminar4\myprojectseminar\gameapp\forms.py changed, reloading.
INFO 2024-04-13 20:56:14,994 autoreload 8948 9560 Watching for file changes with StatReloader
INFO 2024-04-13 20:56:36,021 basehttp 8948 6048 "GET /game/ HTTP/1.1" 200 716
INFO 2024-04-13 20:56:37,608 basehttp 8948 6048 "GET /game/game_choice HTTP/1.1" 301 0
INFO 2024-04-13 20:56:37,629 basehttp 8948 10976 "GET /game/game_choice/ HTTP/1.1" 200 758
WARNING 2024-04-13 20:56:38,090 log 8948 10976 Not Found: /favicon.ico
WARNING 2024-04-13 20:56:38,091 basehttp 8948 10976 "GET /favicon.ico HTTP/1.1" 404 2225
ERROR 2024-04-13 20:56:45,002 log 8948 10976 Internal Server Error: /game/game_choice/
Traceback (most recent call last):
  File "E:\GeekBrains\Учеба GeekBrains\3 quarter. Final\2. Django framework (Seminars)\GB_Django\.venv\Lib\site-packages\django\core\handlers\exception.py", line 55, in inner
    response = get_response(request)
               ^^^^^^^^^^^^^^^^^^^^^
  File "E:\GeekBrains\Учеба GeekBrains\3 quarter. Final\2. Django framework (Seminars)\GB_Django\.venv\Lib\site-packages\django\core\handlers\base.py", line 204, in _get_response
    self.check_response(response, callback)
  File "E:\GeekBrains\Учеба GeekBrains\3 quarter. Final\2. Django framework (Seminars)\GB_Django\.venv\Lib\site-packages\django\core\handlers\base.py", line 332, in check_response
    raise ValueError(
ValueError: The view gameapp.views.game_choice didn't return an HttpResponse object. It returned None instead.
ERROR 2024-04-13 20:56:45,003 basehttp 8948 10976 "POST /game/game_choice/ HTTP/1.1" 500 70622
INFO 2024-04-13 20:59:45,863 autoreload 8948 9560 E:\GeekBrains\Учеба GeekBrains\3 quarter. Final\2. Django framework (Seminars)\GB_Django\Seminar4\myprojectseminar\gameapp\views.py changed, reloading.
INFO 2024-04-13 20:59:46,561 autoreload 14924 8136 Watching for file changes with StatReloader
ERROR 2024-04-13 20:59:46,873 log 14924 14772 Internal Server Error: /game/game_choice/
Traceback (most recent call last):
  File "E:\GeekBrains\Учеба GeekBrains\3 quarter. Final\2. Django framework (Seminars)\GB_Django\.venv\Lib\site-packages\django\core\handlers\exception.py", line 55, in inner
    response = get_response(request)
               ^^^^^^^^^^^^^^^^^^^^^
  File "E:\GeekBrains\Учеба GeekBrains\3 quarter. Final\2. Django framework (Seminars)\GB_Django\.venv\Lib\site-packages\django\core\handlers\base.py", line 197, in _get_response
    response = wrapped_callback(request, *callback_args, **callback_kwargs)
               ^^^^^^^^^^^^^^^^^^^^^^^^^^^^^^^^^^^^^^^^^^^^^^^^^^^^^^^^^^^^
  File "E:\GeekBrains\Учеба GeekBrains\3 quarter. Final\2. Django framework (Seminars)\GB_Django\Seminar4\myprojectseminar\gameapp\views.py", line 85, in game_choice
    return coin(request)
           ^^^^^^^^^^^^^
TypeError: coin() missing 1 required positional argument: 'count'
ERROR 2024-04-13 20:59:46,876 basehttp 14924 14772 "POST /game/game_choice/ HTTP/1.1" 500 69862
INFO 2024-04-13 21:03:02,503 autoreload 14924 8136 E:\GeekBrains\Учеба GeekBrains\3 quarter. Final\2. Django framework (Seminars)\GB_Django\Seminar4\myprojectseminar\gameapp\views.py changed, reloading.
INFO 2024-04-13 21:03:03,210 autoreload 12488 9220 Watching for file changes with StatReloader
ERROR 2024-04-13 21:03:04,307 log 12488 2624 Internal Server Error: /game/game_choice/
Traceback (most recent call last):
  File "E:\GeekBrains\Учеба GeekBrains\3 quarter. Final\2. Django framework (Seminars)\GB_Django\.venv\Lib\site-packages\django\core\handlers\exception.py", line 55, in inner
    response = get_response(request)
               ^^^^^^^^^^^^^^^^^^^^^
  File "E:\GeekBrains\Учеба GeekBrains\3 quarter. Final\2. Django framework (Seminars)\GB_Django\.venv\Lib\site-packages\django\core\handlers\base.py", line 197, in _get_response
    response = wrapped_callback(request, *callback_args, **callback_kwargs)
               ^^^^^^^^^^^^^^^^^^^^^^^^^^^^^^^^^^^^^^^^^^^^^^^^^^^^^^^^^^^^
  File "E:\GeekBrains\Учеба GeekBrains\3 quarter. Final\2. Django framework (Seminars)\GB_Django\Seminar4\myprojectseminar\gameapp\views.py", line 85, in game_choice
    return coin(request, game_choice(request))
                         ^^^^^^^^^^^^^^^^^^^^
  File "E:\GeekBrains\Учеба GeekBrains\3 quarter. Final\2. Django framework (Seminars)\GB_Django\Seminar4\myprojectseminar\gameapp\views.py", line 85, in game_choice
    return coin(request, game_choice(request))
                         ^^^^^^^^^^^^^^^^^^^^
  File "E:\GeekBrains\Учеба GeekBrains\3 quarter. Final\2. Django framework (Seminars)\GB_Django\Seminar4\myprojectseminar\gameapp\views.py", line 85, in game_choice
    return coin(request, game_choice(request))
                         ^^^^^^^^^^^^^^^^^^^^
  [Previous line repeated 957 more times]
  File "E:\GeekBrains\Учеба GeekBrains\3 quarter. Final\2. Django framework (Seminars)\GB_Django\Seminar4\myprojectseminar\gameapp\views.py", line 80, in game_choice
    form = GameCoin(request.POST)
           ^^^^^^^^^^^^^^^^^^^^^^
  File "E:\GeekBrains\Учеба GeekBrains\3 quarter. Final\2. Django framework (Seminars)\GB_Django\.venv\Lib\site-packages\django\forms\forms.py", line 103, in __init__
    self.fields = copy.deepcopy(self.base_fields)
                  ^^^^^^^^^^^^^^^^^^^^^^^^^^^^^^^
  File "C:\Program Files\WindowsApps\PythonSoftwareFoundation.Python.3.12_3.12.1008.0_x64__qbz5n2kfra8p0\Lib\copy.py", line 136, in deepcopy
    y = copier(x, memo)
        ^^^^^^^^^^^^^^^
  File "C:\Program Files\WindowsApps\PythonSoftwareFoundation.Python.3.12_3.12.1008.0_x64__qbz5n2kfra8p0\Lib\copy.py", line 221, in _deepcopy_dict
    y[deepcopy(key, memo)] = deepcopy(value, memo)
                             ^^^^^^^^^^^^^^^^^^^^^
  File "C:\Program Files\WindowsApps\PythonSoftwareFoundation.Python.3.12_3.12.1008.0_x64__qbz5n2kfra8p0\Lib\copy.py", line 143, in deepcopy
    y = copier(memo)
        ^^^^^^^^^^^^
  File "E:\GeekBrains\Учеба GeekBrains\3 quarter. Final\2. Django framework (Seminars)\GB_Django\.venv\Lib\site-packages\django\forms\fields.py", line 883, in __deepcopy__
    result = super().__deepcopy__(memo)
             ^^^^^^^^^^^^^^^^^^^^^^^^^^
  File "E:\GeekBrains\Учеба GeekBrains\3 quarter. Final\2. Django framework (Seminars)\GB_Django\.venv\Lib\site-packages\django\forms\fields.py", line 259, in __deepcopy__
    result.widget = copy.deepcopy(self.widget, memo)
                    ^^^^^^^^^^^^^^^^^^^^^^^^^^^^^^^^
  File "C:\Program Files\WindowsApps\PythonSoftwareFoundation.Python.3.12_3.12.1008.0_x64__qbz5n2kfra8p0\Lib\copy.py", line 143, in deepcopy
    y = copier(memo)
        ^^^^^^^^^^^^
  File "E:\GeekBrains\Учеба GeekBrains\3 quarter. Final\2. Django framework (Seminars)\GB_Django\.venv\Lib\site-packages\django\forms\widgets.py", line 633, in __deepcopy__
    obj.choices = copy.copy(self.choices)
    ^^^^^^^^^^^
  File "E:\GeekBrains\Учеба GeekBrains\3 quarter. Final\2. Django framework (Seminars)\GB_Django\.venv\Lib\site-packages\django\forms\widgets.py", line 752, in choices
    self._choices = normalize_choices(value)
                    ^^^^^^^^^^^^^^^^^^^^^^^^
  File "E:\GeekBrains\Учеба GeekBrains\3 quarter. Final\2. Django framework (Seminars)\GB_Django\.venv\Lib\site-packages\django\utils\choices.py", line 109, in normalize_choices
    return [(k, normalize_choices(v, depth=depth + 1)) for k, v in value]
                ^^^^^^^^^^^^^^^^^^^^^^^^^^^^^^^^^^^^^
  File "E:\GeekBrains\Учеба GeekBrains\3 quarter. Final\2. Django framework (Seminars)\GB_Django\.venv\Lib\site-packages\django\utils\choices.py", line 74, in normalize_choices
    from django.db.models.enums import ChoicesType
RecursionError: maximum recursion depth exceeded
ERROR 2024-04-13 21:03:04,343 basehttp 12488 2624 "POST /game/game_choice/ HTTP/1.1" 500 3941988
INFO 2024-04-13 21:03:43,397 autoreload 12488 9220 E:\GeekBrains\Учеба GeekBrains\3 quarter. Final\2. Django framework (Seminars)\GB_Django\Seminar4\myprojectseminar\gameapp\views.py changed, reloading.
INFO 2024-04-13 21:03:44,180 autoreload 14472 88 Watching for file changes with StatReloader
INFO 2024-04-13 21:03:44,487 basehttp 14472 13388 "POST /game/game_choice/ HTTP/1.1" 200 265
INFO 2024-04-13 21:04:43,002 autoreload 14472 88 E:\GeekBrains\Учеба GeekBrains\3 quarter. Final\2. Django framework (Seminars)\GB_Django\Seminar4\myprojectseminar\gameapp\views.py changed, reloading.
INFO 2024-04-13 21:04:43,744 autoreload 7964 14204 Watching for file changes with StatReloader
INFO 2024-04-13 21:04:45,447 basehttp 7964 14852 "POST /game/game_choice/ HTTP/1.1" 200 269
INFO 2024-04-13 21:04:47,601 basehttp 7964 14852 "GET /game/game_choice/ HTTP/1.1" 200 758
INFO 2024-04-13 21:05:01,730 basehttp 7964 14852 "POST /game/game_choice/ HTTP/1.1" 200 192
INFO 2024-04-13 21:05:04,836 basehttp 7964 14852 "GET /game/game_choice/ HTTP/1.1" 200 758
ERROR 2024-04-13 21:05:07,896 log 7964 14852 Internal Server Error: /game/game_choice/
Traceback (most recent call last):
  File "E:\GeekBrains\Учеба GeekBrains\3 quarter. Final\2. Django framework (Seminars)\GB_Django\.venv\Lib\site-packages\django\core\handlers\exception.py", line 55, in inner
    response = get_response(request)
               ^^^^^^^^^^^^^^^^^^^^^
  File "E:\GeekBrains\Учеба GeekBrains\3 quarter. Final\2. Django framework (Seminars)\GB_Django\.venv\Lib\site-packages\django\core\handlers\base.py", line 204, in _get_response
    self.check_response(response, callback)
  File "E:\GeekBrains\Учеба GeekBrains\3 quarter. Final\2. Django framework (Seminars)\GB_Django\.venv\Lib\site-packages\django\core\handlers\base.py", line 332, in check_response
    raise ValueError(
ValueError: The view gameapp.views.game_choice didn't return an HttpResponse object. It returned None instead.
ERROR 2024-04-13 21:05:07,897 basehttp 7964 14852 "POST /game/game_choice/ HTTP/1.1" 500 70624
ERROR 2024-04-13 21:06:51,735 log 7964 14852 Internal Server Error: /game/game_choice/
Traceback (most recent call last):
  File "E:\GeekBrains\Учеба GeekBrains\3 quarter. Final\2. Django framework (Seminars)\GB_Django\.venv\Lib\site-packages\django\core\handlers\exception.py", line 55, in inner
    response = get_response(request)
               ^^^^^^^^^^^^^^^^^^^^^
  File "E:\GeekBrains\Учеба GeekBrains\3 quarter. Final\2. Django framework (Seminars)\GB_Django\.venv\Lib\site-packages\django\core\handlers\base.py", line 204, in _get_response
    self.check_response(response, callback)
  File "E:\GeekBrains\Учеба GeekBrains\3 quarter. Final\2. Django framework (Seminars)\GB_Django\.venv\Lib\site-packages\django\core\handlers\base.py", line 332, in check_response
    raise ValueError(
ValueError: The view gameapp.views.game_choice didn't return an HttpResponse object. It returned None instead.
ERROR 2024-04-13 21:06:51,736 basehttp 7964 14852 "POST /game/game_choice/ HTTP/1.1" 500 70624
INFO 2024-04-13 21:10:26,492 autoreload 7964 14204 E:\GeekBrains\Учеба GeekBrains\3 quarter. Final\2. Django framework (Seminars)\GB_Django\Seminar4\myprojectseminar\gameapp\forms.py changed, reloading.
INFO 2024-04-13 21:10:27,214 autoreload 14828 12012 Watching for file changes with StatReloader
ERROR 2024-04-13 21:10:27,601 log 14828 4172 Internal Server Error: /game/game_choice/
Traceback (most recent call last):
  File "E:\GeekBrains\Учеба GeekBrains\3 quarter. Final\2. Django framework (Seminars)\GB_Django\.venv\Lib\site-packages\django\core\handlers\exception.py", line 55, in inner
    response = get_response(request)
               ^^^^^^^^^^^^^^^^^^^^^
  File "E:\GeekBrains\Учеба GeekBrains\3 quarter. Final\2. Django framework (Seminars)\GB_Django\.venv\Lib\site-packages\django\core\handlers\base.py", line 204, in _get_response
    self.check_response(response, callback)
  File "E:\GeekBrains\Учеба GeekBrains\3 quarter. Final\2. Django framework (Seminars)\GB_Django\.venv\Lib\site-packages\django\core\handlers\base.py", line 332, in check_response
    raise ValueError(
ValueError: The view gameapp.views.game_choice didn't return an HttpResponse object. It returned None instead.
ERROR 2024-04-13 21:10:27,603 basehttp 14828 4172 "POST /game/game_choice/ HTTP/1.1" 500 70624
INFO 2024-04-13 21:13:42,639 autoreload 14828 12012 E:\GeekBrains\Учеба GeekBrains\3 quarter. Final\2. Django framework (Seminars)\GB_Django\Seminar4\myprojectseminar\gameapp\views.py changed, reloading.
INFO 2024-04-13 21:13:43,287 autoreload 13876 8848 Watching for file changes with StatReloader
INFO 2024-04-13 21:13:44,374 basehttp 13876 12188 "GET /game/game_choice/ HTTP/1.1" 200 759
INFO 2024-04-13 21:13:48,377 basehttp 13876 12188 "POST /game/game_choice/ HTTP/1.1" 200 189
INFO 2024-04-13 21:13:55,369 basehttp 13876 12188 "GET /game/game_choice/ HTTP/1.1" 200 759
INFO 2024-04-13 21:13:58,125 basehttp 13876 12188 "POST /game/game_choice/ HTTP/1.1" 200 189
INFO 2024-04-13 21:13:59,514 basehttp 13876 12188 "GET /game/game_choice/ HTTP/1.1" 200 759
INFO 2024-04-13 21:14:01,319 basehttp 13876 12188 "POST /game/game_choice/ HTTP/1.1" 200 253
INFO 2024-04-13 21:34:43,499 autoreload 13876 8848 E:\GeekBrains\Учеба GeekBrains\3 quarter. Final\2. Django framework (Seminars)\GB_Django\Seminar4\myprojectseminar\myprojectseminar\settings.py changed, reloading.
INFO 2024-04-13 21:34:44,312 autoreload 3132 14596 Watching for file changes with StatReloader
INFO 2024-04-13 21:36:18,712 autoreload 3132 14596 E:\GeekBrains\Учеба GeekBrains\3 quarter. Final\2. Django framework (Seminars)\GB_Django\Seminar4\myprojectseminar\gameapp\views.py changed, reloading.
INFO 2024-04-13 21:36:19,359 autoreload 11416 12240 Watching for file changes with StatReloader
INFO 2024-04-13 21:39:12,819 autoreload 11416 12240 E:\GeekBrains\Учеба GeekBrains\3 quarter. Final\2. Django framework (Seminars)\GB_Django\Seminar4\myprojectseminar\gameapp\views.py changed, reloading.
INFO 2024-04-13 21:39:13,506 autoreload 10160 14700 Watching for file changes with StatReloader
INFO 2024-04-13 21:40:38,758 autoreload 10160 14700 E:\GeekBrains\Учеба GeekBrains\3 quarter. Final\2. Django framework (Seminars)\GB_Django\Seminar4\myprojectseminar\blogapp\views.py changed, reloading.
INFO 2024-04-13 21:40:39,459 autoreload 14596 14748 Watching for file changes with StatReloader
INFO 2024-04-13 21:43:08,337 autoreload 14596 14748 E:\GeekBrains\Учеба GeekBrains\3 quarter. Final\2. Django framework (Seminars)\GB_Django\Seminar4\myprojectseminar\blogapp\views.py changed, reloading.
INFO 2024-04-13 21:43:09,004 autoreload 7584 6964 Watching for file changes with StatReloader
INFO 2024-04-13 21:46:04,501 autoreload 7584 6964 E:\GeekBrains\Учеба GeekBrains\3 quarter. Final\2. Django framework (Seminars)\GB_Django\Seminar4\myprojectseminar\blogapp\views.py changed, reloading.
INFO 2024-04-13 21:46:05,287 autoreload 10364 13364 Watching for file changes with StatReloader
INFO 2024-04-13 21:51:42,399 autoreload 10364 13364 E:\GeekBrains\Учеба GeekBrains\3 quarter. Final\2. Django framework (Seminars)\GB_Django\Seminar4\myprojectseminar\blogapp\views.py changed, reloading.
INFO 2024-04-13 21:51:43,089 autoreload 8136 14392 Watching for file changes with StatReloader
INFO 2024-04-13 21:51:52,062 autoreload 8136 14392 E:\GeekBrains\Учеба GeekBrains\3 quarter. Final\2. Django framework (Seminars)\GB_Django\Seminar4\myprojectseminar\blogapp\views.py changed, reloading.
INFO 2024-04-13 21:51:52,694 autoreload 15092 12776 Watching for file changes with StatReloader
INFO 2024-04-13 21:54:04,821 autoreload 15092 12776 E:\GeekBrains\Учеба GeekBrains\3 quarter. Final\2. Django framework (Seminars)\GB_Django\Seminar4\myprojectseminar\blogapp\views.py changed, reloading.
INFO 2024-04-13 21:54:05,429 autoreload 1556 15088 Watching for file changes with StatReloader
INFO 2024-04-13 21:54:51,337 autoreload 1556 15088 E:\GeekBrains\Учеба GeekBrains\3 quarter. Final\2. Django framework (Seminars)\GB_Django\Seminar4\myprojectseminar\blogapp\views.py changed, reloading.
INFO 2024-04-13 21:54:52,343 autoreload 3948 13784 Watching for file changes with StatReloader
INFO 2024-04-13 21:55:17,157 basehttp 3948 8936 "GET /blog/post_author/ HTTP/1.1" 200 1096
ERROR 2024-04-13 21:57:03,274 log 3948 8936 Internal Server Error: /blog/post_author/
Traceback (most recent call last):
  File "E:\GeekBrains\Учеба GeekBrains\3 quarter. Final\2. Django framework (Seminars)\GB_Django\.venv\Lib\site-packages\django\db\backends\utils.py", line 105, in _execute
    return self.cursor.execute(sql, params)
           ^^^^^^^^^^^^^^^^^^^^^^^^^^^^^^^^
  File "E:\GeekBrains\Учеба GeekBrains\3 quarter. Final\2. Django framework (Seminars)\GB_Django\.venv\Lib\site-packages\django\db\backends\sqlite3\base.py", line 329, in execute
    return super().execute(query, params)
           ^^^^^^^^^^^^^^^^^^^^^^^^^^^^^^
sqlite3.OperationalError: no such table: blogapp_author

The above exception was the direct cause of the following exception:

Traceback (most recent call last):
  File "E:\GeekBrains\Учеба GeekBrains\3 quarter. Final\2. Django framework (Seminars)\GB_Django\.venv\Lib\site-packages\django\core\handlers\exception.py", line 55, in inner
    response = get_response(request)
               ^^^^^^^^^^^^^^^^^^^^^
  File "E:\GeekBrains\Учеба GeekBrains\3 quarter. Final\2. Django framework (Seminars)\GB_Django\.venv\Lib\site-packages\django\core\handlers\base.py", line 197, in _get_response
    response = wrapped_callback(request, *callback_args, **callback_kwargs)
               ^^^^^^^^^^^^^^^^^^^^^^^^^^^^^^^^^^^^^^^^^^^^^^^^^^^^^^^^^^^^
  File "E:\GeekBrains\Учеба GeekBrains\3 quarter. Final\2. Django framework (Seminars)\GB_Django\Seminar4\myprojectseminar\blogapp\views.py", line 36, in post_author
    author.save()
  File "E:\GeekBrains\Учеба GeekBrains\3 quarter. Final\2. Django framework (Seminars)\GB_Django\.venv\Lib\site-packages\django\db\models\base.py", line 822, in save
    self.save_base(
  File "E:\GeekBrains\Учеба GeekBrains\3 quarter. Final\2. Django framework (Seminars)\GB_Django\.venv\Lib\site-packages\django\db\models\base.py", line 909, in save_base
    updated = self._save_table(
              ^^^^^^^^^^^^^^^^^
  File "E:\GeekBrains\Учеба GeekBrains\3 quarter. Final\2. Django framework (Seminars)\GB_Django\.venv\Lib\site-packages\django\db\models\base.py", line 1067, in _save_table
    results = self._do_insert(
              ^^^^^^^^^^^^^^^^
  File "E:\GeekBrains\Учеба GeekBrains\3 quarter. Final\2. Django framework (Seminars)\GB_Django\.venv\Lib\site-packages\django\db\models\base.py", line 1108, in _do_insert
    return manager._insert(
           ^^^^^^^^^^^^^^^^
  File "E:\GeekBrains\Учеба GeekBrains\3 quarter. Final\2. Django framework (Seminars)\GB_Django\.venv\Lib\site-packages\django\db\models\manager.py", line 87, in manager_method
    return getattr(self.get_queryset(), name)(*args, **kwargs)
           ^^^^^^^^^^^^^^^^^^^^^^^^^^^^^^^^^^^^^^^^^^^^^^^^^^^
  File "E:\GeekBrains\Учеба GeekBrains\3 quarter. Final\2. Django framework (Seminars)\GB_Django\.venv\Lib\site-packages\django\db\models\query.py", line 1847, in _insert
    return query.get_compiler(using=using).execute_sql(returning_fields)
           ^^^^^^^^^^^^^^^^^^^^^^^^^^^^^^^^^^^^^^^^^^^^^^^^^^^^^^^^^^^^^
  File "E:\GeekBrains\Учеба GeekBrains\3 quarter. Final\2. Django framework (Seminars)\GB_Django\.venv\Lib\site-packages\django\db\models\sql\compiler.py", line 1823, in execute_sql
    cursor.execute(sql, params)
  File "E:\GeekBrains\Учеба GeekBrains\3 quarter. Final\2. Django framework (Seminars)\GB_Django\.venv\Lib\site-packages\django\db\backends\utils.py", line 122, in execute
    return super().execute(sql, params)
           ^^^^^^^^^^^^^^^^^^^^^^^^^^^^
  File "E:\GeekBrains\Учеба GeekBrains\3 quarter. Final\2. Django framework (Seminars)\GB_Django\.venv\Lib\site-packages\django\db\backends\utils.py", line 79, in execute
    return self._execute_with_wrappers(
           ^^^^^^^^^^^^^^^^^^^^^^^^^^^^
  File "E:\GeekBrains\Учеба GeekBrains\3 quarter. Final\2. Django framework (Seminars)\GB_Django\.venv\Lib\site-packages\django\db\backends\utils.py", line 92, in _execute_with_wrappers
    return executor(sql, params, many, context)
           ^^^^^^^^^^^^^^^^^^^^^^^^^^^^^^^^^^^^
  File "E:\GeekBrains\Учеба GeekBrains\3 quarter. Final\2. Django framework (Seminars)\GB_Django\.venv\Lib\site-packages\django\db\backends\utils.py", line 100, in _execute
    with self.db.wrap_database_errors:
  File "E:\GeekBrains\Учеба GeekBrains\3 quarter. Final\2. Django framework (Seminars)\GB_Django\.venv\Lib\site-packages\django\db\utils.py", line 91, in __exit__
    raise dj_exc_value.with_traceback(traceback) from exc_value
  File "E:\GeekBrains\Учеба GeekBrains\3 quarter. Final\2. Django framework (Seminars)\GB_Django\.venv\Lib\site-packages\django\db\backends\utils.py", line 105, in _execute
    return self.cursor.execute(sql, params)
           ^^^^^^^^^^^^^^^^^^^^^^^^^^^^^^^^
  File "E:\GeekBrains\Учеба GeekBrains\3 quarter. Final\2. Django framework (Seminars)\GB_Django\.venv\Lib\site-packages\django\db\backends\sqlite3\base.py", line 329, in execute
    return super().execute(query, params)
           ^^^^^^^^^^^^^^^^^^^^^^^^^^^^^^
django.db.utils.OperationalError: no such table: blogapp_author
ERROR 2024-04-13 21:57:03,281 basehttp 3948 8936 "POST /blog/post_author/ HTTP/1.1" 500 154983
INFO 2024-04-13 21:58:22,901 autoreload 4032 14192 Watching for file changes with StatReloader
INFO 2024-04-13 21:58:27,380 basehttp 4032 7140 "POST /blog/post_author/ HTTP/1.1" 200 377
INFO 2024-04-13 21:58:31,335 basehttp 4032 7140 "GET /blog/post_author/ HTTP/1.1" 200 1096
INFO 2024-04-13 21:58:34,095 basehttp 4032 7140 "POST /blog/post_author/ HTTP/1.1" 200 377
INFO 2024-04-13 21:58:35,227 basehttp 4032 7140 "POST /blog/post_author/ HTTP/1.1" 200 1494
INFO 2024-04-13 22:17:02,318 autoreload 10752 11464 Watching for file changes with StatReloader
INFO 2024-04-13 22:17:09,910 basehttp 10752 11104 "GET /blog/ HTTP/1.1" 200 13
INFO 2024-04-13 22:17:13,903 basehttp 10752 11104 "GET /blog/post_author/ HTTP/1.1" 200 1096
ERROR 2024-04-13 22:17:43,210 log 10752 11104 Internal Server Error: /blog/post_author/
Traceback (most recent call last):
  File "E:\GeekBrains\Учеба GeekBrains\3 quarter. Final\2. Django framework (Seminars)\GB_Django\.venv\Lib\site-packages\django\db\utils.py", line 98, in inner
    return func(*args, **kwargs)
           ^^^^^^^^^^^^^^^^^^^^^
sqlite3.OperationalError: database is locked

The above exception was the direct cause of the following exception:

Traceback (most recent call last):
  File "E:\GeekBrains\Учеба GeekBrains\3 quarter. Final\2. Django framework (Seminars)\GB_Django\.venv\Lib\site-packages\django\core\handlers\exception.py", line 55, in inner
    response = get_response(request)
               ^^^^^^^^^^^^^^^^^^^^^
  File "E:\GeekBrains\Учеба GeekBrains\3 quarter. Final\2. Django framework (Seminars)\GB_Django\.venv\Lib\site-packages\django\core\handlers\base.py", line 197, in _get_response
    response = wrapped_callback(request, *callback_args, **callback_kwargs)
               ^^^^^^^^^^^^^^^^^^^^^^^^^^^^^^^^^^^^^^^^^^^^^^^^^^^^^^^^^^^^
  File "E:\GeekBrains\Учеба GeekBrains\3 quarter. Final\2. Django framework (Seminars)\GB_Django\Seminar4\myprojectseminar\blogapp\views.py", line 36, in post_author
    author.save()
  File "E:\GeekBrains\Учеба GeekBrains\3 quarter. Final\2. Django framework (Seminars)\GB_Django\.venv\Lib\site-packages\django\db\models\base.py", line 822, in save
    self.save_base(
  File "E:\GeekBrains\Учеба GeekBrains\3 quarter. Final\2. Django framework (Seminars)\GB_Django\.venv\Lib\site-packages\django\db\models\base.py", line 909, in save_base
    updated = self._save_table(
              ^^^^^^^^^^^^^^^^^
  File "E:\GeekBrains\Учеба GeekBrains\3 quarter. Final\2. Django framework (Seminars)\GB_Django\.venv\Lib\site-packages\django\db\models\base.py", line 1067, in _save_table
    results = self._do_insert(
              ^^^^^^^^^^^^^^^^
  File "E:\GeekBrains\Учеба GeekBrains\3 quarter. Final\2. Django framework (Seminars)\GB_Django\.venv\Lib\site-packages\django\db\models\base.py", line 1108, in _do_insert
    return manager._insert(
           ^^^^^^^^^^^^^^^^
  File "E:\GeekBrains\Учеба GeekBrains\3 quarter. Final\2. Django framework (Seminars)\GB_Django\.venv\Lib\site-packages\django\db\models\manager.py", line 87, in manager_method
    return getattr(self.get_queryset(), name)(*args, **kwargs)
           ^^^^^^^^^^^^^^^^^^^^^^^^^^^^^^^^^^^^^^^^^^^^^^^^^^^
  File "E:\GeekBrains\Учеба GeekBrains\3 quarter. Final\2. Django framework (Seminars)\GB_Django\.venv\Lib\site-packages\django\db\models\query.py", line 1847, in _insert
    return query.get_compiler(using=using).execute_sql(returning_fields)
           ^^^^^^^^^^^^^^^^^^^^^^^^^^^^^^^^^^^^^^^^^^^^^^^^^^^^^^^^^^^^^
  File "E:\GeekBrains\Учеба GeekBrains\3 quarter. Final\2. Django framework (Seminars)\GB_Django\.venv\Lib\site-packages\django\db\models\sql\compiler.py", line 1835, in execute_sql
    self.connection.ops.fetch_returned_insert_columns(
  File "E:\GeekBrains\Учеба GeekBrains\3 quarter. Final\2. Django framework (Seminars)\GB_Django\.venv\Lib\site-packages\django\db\backends\base\operations.py", line 216, in fetch_returned_insert_columns
    return cursor.fetchone()
           ^^^^^^^^^^^^^^^^^
  File "E:\GeekBrains\Учеба GeekBrains\3 quarter. Final\2. Django framework (Seminars)\GB_Django\.venv\Lib\site-packages\django\db\utils.py", line 97, in inner
    with self:
  File "E:\GeekBrains\Учеба GeekBrains\3 quarter. Final\2. Django framework (Seminars)\GB_Django\.venv\Lib\site-packages\django\db\utils.py", line 91, in __exit__
    raise dj_exc_value.with_traceback(traceback) from exc_value
  File "E:\GeekBrains\Учеба GeekBrains\3 quarter. Final\2. Django framework (Seminars)\GB_Django\.venv\Lib\site-packages\django\db\utils.py", line 98, in inner
    return func(*args, **kwargs)
           ^^^^^^^^^^^^^^^^^^^^^
django.db.utils.OperationalError: database is locked
ERROR 2024-04-13 22:17:43,215 basehttp 10752 11104 "POST /blog/post_author/ HTTP/1.1" 500 131761
ERROR 2024-04-13 22:18:56,162 log 10752 11104 Internal Server Error: /blog/post_author/
Traceback (most recent call last):
  File "E:\GeekBrains\Учеба GeekBrains\3 quarter. Final\2. Django framework (Seminars)\GB_Django\.venv\Lib\site-packages\django\db\utils.py", line 98, in inner
    return func(*args, **kwargs)
           ^^^^^^^^^^^^^^^^^^^^^
sqlite3.OperationalError: database is locked

The above exception was the direct cause of the following exception:

Traceback (most recent call last):
  File "E:\GeekBrains\Учеба GeekBrains\3 quarter. Final\2. Django framework (Seminars)\GB_Django\.venv\Lib\site-packages\django\core\handlers\exception.py", line 55, in inner
    response = get_response(request)
               ^^^^^^^^^^^^^^^^^^^^^
  File "E:\GeekBrains\Учеба GeekBrains\3 quarter. Final\2. Django framework (Seminars)\GB_Django\.venv\Lib\site-packages\django\core\handlers\base.py", line 197, in _get_response
    response = wrapped_callback(request, *callback_args, **callback_kwargs)
               ^^^^^^^^^^^^^^^^^^^^^^^^^^^^^^^^^^^^^^^^^^^^^^^^^^^^^^^^^^^^
  File "E:\GeekBrains\Учеба GeekBrains\3 quarter. Final\2. Django framework (Seminars)\GB_Django\Seminar4\myprojectseminar\blogapp\views.py", line 36, in post_author
    author.save()
  File "E:\GeekBrains\Учеба GeekBrains\3 quarter. Final\2. Django framework (Seminars)\GB_Django\.venv\Lib\site-packages\django\db\models\base.py", line 822, in save
    self.save_base(
  File "E:\GeekBrains\Учеба GeekBrains\3 quarter. Final\2. Django framework (Seminars)\GB_Django\.venv\Lib\site-packages\django\db\models\base.py", line 909, in save_base
    updated = self._save_table(
              ^^^^^^^^^^^^^^^^^
  File "E:\GeekBrains\Учеба GeekBrains\3 quarter. Final\2. Django framework (Seminars)\GB_Django\.venv\Lib\site-packages\django\db\models\base.py", line 1067, in _save_table
    results = self._do_insert(
              ^^^^^^^^^^^^^^^^
  File "E:\GeekBrains\Учеба GeekBrains\3 quarter. Final\2. Django framework (Seminars)\GB_Django\.venv\Lib\site-packages\django\db\models\base.py", line 1108, in _do_insert
    return manager._insert(
           ^^^^^^^^^^^^^^^^
  File "E:\GeekBrains\Учеба GeekBrains\3 quarter. Final\2. Django framework (Seminars)\GB_Django\.venv\Lib\site-packages\django\db\models\manager.py", line 87, in manager_method
    return getattr(self.get_queryset(), name)(*args, **kwargs)
           ^^^^^^^^^^^^^^^^^^^^^^^^^^^^^^^^^^^^^^^^^^^^^^^^^^^
  File "E:\GeekBrains\Учеба GeekBrains\3 quarter. Final\2. Django framework (Seminars)\GB_Django\.venv\Lib\site-packages\django\db\models\query.py", line 1847, in _insert
    return query.get_compiler(using=using).execute_sql(returning_fields)
           ^^^^^^^^^^^^^^^^^^^^^^^^^^^^^^^^^^^^^^^^^^^^^^^^^^^^^^^^^^^^^
  File "E:\GeekBrains\Учеба GeekBrains\3 quarter. Final\2. Django framework (Seminars)\GB_Django\.venv\Lib\site-packages\django\db\models\sql\compiler.py", line 1835, in execute_sql
    self.connection.ops.fetch_returned_insert_columns(
  File "E:\GeekBrains\Учеба GeekBrains\3 quarter. Final\2. Django framework (Seminars)\GB_Django\.venv\Lib\site-packages\django\db\backends\base\operations.py", line 216, in fetch_returned_insert_columns
    return cursor.fetchone()
           ^^^^^^^^^^^^^^^^^
  File "E:\GeekBrains\Учеба GeekBrains\3 quarter. Final\2. Django framework (Seminars)\GB_Django\.venv\Lib\site-packages\django\db\utils.py", line 97, in inner
    with self:
  File "E:\GeekBrains\Учеба GeekBrains\3 quarter. Final\2. Django framework (Seminars)\GB_Django\.venv\Lib\site-packages\django\db\utils.py", line 91, in __exit__
    raise dj_exc_value.with_traceback(traceback) from exc_value
  File "E:\GeekBrains\Учеба GeekBrains\3 quarter. Final\2. Django framework (Seminars)\GB_Django\.venv\Lib\site-packages\django\db\utils.py", line 98, in inner
    return func(*args, **kwargs)
           ^^^^^^^^^^^^^^^^^^^^^
django.db.utils.OperationalError: database is locked
ERROR 2024-04-13 22:18:56,165 basehttp 10752 11104 "POST /blog/post_author/ HTTP/1.1" 500 131761
INFO 2024-04-13 22:19:07,417 basehttp 10752 11104 "POST /blog/post_author/ HTTP/1.1" 200 377
INFO 2024-04-13 22:21:39,670 basehttp 10752 11104 "GET /blog/post_author/ HTTP/1.1" 200 2073
INFO 2024-04-13 22:21:43,971 basehttp 10752 11104 "GET /blog/post_author/ HTTP/1.1" 200 2073
INFO 2024-04-13 22:22:14,212 basehttp 10752 11104 "GET /blog/post_author/ HTTP/1.1" 200 2073
INFO 2024-04-13 22:22:17,783 basehttp 10752 11104 "GET /blog/post_author/ HTTP/1.1" 200 1101
ERROR 2024-04-13 22:22:53,379 log 10752 11104 Internal Server Error: /blog/post_author/
Traceback (most recent call last):
  File "E:\GeekBrains\Учеба GeekBrains\3 quarter. Final\2. Django framework (Seminars)\GB_Django\.venv\Lib\site-packages\django\db\utils.py", line 98, in inner
    return func(*args, **kwargs)
           ^^^^^^^^^^^^^^^^^^^^^
sqlite3.OperationalError: database is locked

The above exception was the direct cause of the following exception:

Traceback (most recent call last):
  File "E:\GeekBrains\Учеба GeekBrains\3 quarter. Final\2. Django framework (Seminars)\GB_Django\.venv\Lib\site-packages\django\core\handlers\exception.py", line 55, in inner
    response = get_response(request)
               ^^^^^^^^^^^^^^^^^^^^^
  File "E:\GeekBrains\Учеба GeekBrains\3 quarter. Final\2. Django framework (Seminars)\GB_Django\.venv\Lib\site-packages\django\core\handlers\base.py", line 197, in _get_response
    response = wrapped_callback(request, *callback_args, **callback_kwargs)
               ^^^^^^^^^^^^^^^^^^^^^^^^^^^^^^^^^^^^^^^^^^^^^^^^^^^^^^^^^^^^
  File "E:\GeekBrains\Учеба GeekBrains\3 quarter. Final\2. Django framework (Seminars)\GB_Django\Seminar4\myprojectseminar\blogapp\views.py", line 36, in post_author
    author.save()
  File "E:\GeekBrains\Учеба GeekBrains\3 quarter. Final\2. Django framework (Seminars)\GB_Django\.venv\Lib\site-packages\django\db\models\base.py", line 822, in save
    self.save_base(
  File "E:\GeekBrains\Учеба GeekBrains\3 quarter. Final\2. Django framework (Seminars)\GB_Django\.venv\Lib\site-packages\django\db\models\base.py", line 909, in save_base
    updated = self._save_table(
              ^^^^^^^^^^^^^^^^^
  File "E:\GeekBrains\Учеба GeekBrains\3 quarter. Final\2. Django framework (Seminars)\GB_Django\.venv\Lib\site-packages\django\db\models\base.py", line 1067, in _save_table
    results = self._do_insert(
              ^^^^^^^^^^^^^^^^
  File "E:\GeekBrains\Учеба GeekBrains\3 quarter. Final\2. Django framework (Seminars)\GB_Django\.venv\Lib\site-packages\django\db\models\base.py", line 1108, in _do_insert
    return manager._insert(
           ^^^^^^^^^^^^^^^^
  File "E:\GeekBrains\Учеба GeekBrains\3 quarter. Final\2. Django framework (Seminars)\GB_Django\.venv\Lib\site-packages\django\db\models\manager.py", line 87, in manager_method
    return getattr(self.get_queryset(), name)(*args, **kwargs)
           ^^^^^^^^^^^^^^^^^^^^^^^^^^^^^^^^^^^^^^^^^^^^^^^^^^^
  File "E:\GeekBrains\Учеба GeekBrains\3 quarter. Final\2. Django framework (Seminars)\GB_Django\.venv\Lib\site-packages\django\db\models\query.py", line 1847, in _insert
    return query.get_compiler(using=using).execute_sql(returning_fields)
           ^^^^^^^^^^^^^^^^^^^^^^^^^^^^^^^^^^^^^^^^^^^^^^^^^^^^^^^^^^^^^
  File "E:\GeekBrains\Учеба GeekBrains\3 quarter. Final\2. Django framework (Seminars)\GB_Django\.venv\Lib\site-packages\django\db\models\sql\compiler.py", line 1835, in execute_sql
    self.connection.ops.fetch_returned_insert_columns(
  File "E:\GeekBrains\Учеба GeekBrains\3 quarter. Final\2. Django framework (Seminars)\GB_Django\.venv\Lib\site-packages\django\db\backends\base\operations.py", line 216, in fetch_returned_insert_columns
    return cursor.fetchone()
           ^^^^^^^^^^^^^^^^^
  File "E:\GeekBrains\Учеба GeekBrains\3 quarter. Final\2. Django framework (Seminars)\GB_Django\.venv\Lib\site-packages\django\db\utils.py", line 97, in inner
    with self:
  File "E:\GeekBrains\Учеба GeekBrains\3 quarter. Final\2. Django framework (Seminars)\GB_Django\.venv\Lib\site-packages\django\db\utils.py", line 91, in __exit__
    raise dj_exc_value.with_traceback(traceback) from exc_value
  File "E:\GeekBrains\Учеба GeekBrains\3 quarter. Final\2. Django framework (Seminars)\GB_Django\.venv\Lib\site-packages\django\db\utils.py", line 98, in inner
    return func(*args, **kwargs)
           ^^^^^^^^^^^^^^^^^^^^^
django.db.utils.OperationalError: database is locked
ERROR 2024-04-13 22:22:53,382 basehttp 10752 11104 "POST /blog/post_author/ HTTP/1.1" 500 131784
INFO 2024-04-13 22:23:05,043 basehttp 10752 11104 "POST /blog/post_author/ HTTP/1.1" 200 158
INFO 2024-04-14 23:04:55,318 autoreload 14700 3008 Watching for file changes with StatReloader
WARNING 2024-04-14 23:05:07,006 log 14700 17164 Not Found: /
WARNING 2024-04-14 23:05:07,019 basehttp 14700 17164 "GET / HTTP/1.1" 404 2279
WARNING 2024-04-14 23:05:08,325 log 14700 17164 Not Found: /favicon.ico
WARNING 2024-04-14 23:05:08,326 basehttp 14700 17164 "GET /favicon.ico HTTP/1.1" 404 2330
INFO 2024-04-14 23:05:16,082 basehttp 14700 9568 "GET /admin/ HTTP/1.1" 302 0
INFO 2024-04-14 23:05:16,132 basehttp 14700 9568 "GET /admin/login/?next=/admin/ HTTP/1.1" 200 4158
INFO 2024-04-14 23:05:16,383 basehttp 14700 9568 "GET /static/admin/css/base.css HTTP/1.1" 200 21544
INFO 2024-04-14 23:05:16,387 basehttp 14700 9568 "GET /static/admin/js/nav_sidebar.js HTTP/1.1" 200 3063
INFO 2024-04-14 23:05:16,399 basehttp 14700 14356 "GET /static/admin/css/dark_mode.css HTTP/1.1" 200 2682
INFO 2024-04-14 23:05:16,406 basehttp 14700 9016 "GET /static/admin/css/nav_sidebar.css HTTP/1.1" 200 2810
INFO 2024-04-14 23:05:16,453 basehttp 14700 15040 "GET /static/admin/css/responsive.css HTTP/1.1" 200 17905
INFO 2024-04-14 23:05:16,503 basehttp 14700 16140 "GET /static/admin/css/login.css HTTP/1.1" 200 958
INFO 2024-04-14 23:05:16,573 basehttp 14700 6276 "GET /static/admin/js/theme.js HTTP/1.1" 200 1943
INFO 2024-04-14 23:07:21,786 autoreload 14472 1996 Watching for file changes with StatReloader
INFO 2024-04-14 23:07:23,645 basehttp 14472 16356 "GET /admin/login/?next=/admin/ HTTP/1.1" 200 4158
INFO 2024-04-14 23:07:30,903 basehttp 14472 16356 "POST /admin/login/?next=/admin/ HTTP/1.1" 302 0
INFO 2024-04-14 23:07:30,921 basehttp 14472 16356 "GET /admin/ HTTP/1.1" 200 5533
INFO 2024-04-14 23:07:31,055 basehttp 14472 16356 "GET /static/admin/css/dashboard.css HTTP/1.1" 200 441
INFO 2024-04-14 23:07:31,063 basehttp 14472 16136 "GET /static/admin/img/icon-changelink.svg HTTP/1.1" 200 380
INFO 2024-04-14 23:07:31,063 basehttp 14472 16356 "GET /static/admin/img/icon-addlink.svg HTTP/1.1" 200 331
INFO 2024-04-14 23:08:16,761 autoreload 14472 1996 E:\GeekBrains\Учеба GeekBrains\3 quarter. Final\2. Django framework (Seminars)\GB_Django\Seminar5\myprojectseminar\myprojectseminar\settings.py changed, reloading.
INFO 2024-04-14 23:08:17,499 autoreload 2952 15188 Watching for file changes with StatReloader
INFO 2024-04-14 23:08:19,352 autoreload 2952 15188 E:\GeekBrains\Учеба GeekBrains\3 quarter. Final\2. Django framework (Seminars)\GB_Django\Seminar5\myprojectseminar\myprojectseminar\settings.py changed, reloading.
INFO 2024-04-14 23:08:20,298 autoreload 17344 16780 Watching for file changes with StatReloader
INFO 2024-04-14 23:08:20,569 basehttp 17344 9684 "GET /admin/ HTTP/1.1" 200 5944
INFO 2024-04-14 23:28:10,423 autoreload 17344 16780 E:\GeekBrains\Учеба GeekBrains\3 quarter. Final\2. Django framework (Seminars)\GB_Django\Seminar5\myprojectseminar\gameapp\admin.py changed, reloading.
INFO 2024-04-14 23:28:11,555 autoreload 4232 16996 Watching for file changes with StatReloader
INFO 2024-04-14 23:28:59,801 autoreload 4232 16996 E:\GeekBrains\Учеба GeekBrains\3 quarter. Final\2. Django framework (Seminars)\GB_Django\Seminar5\myprojectseminar\gameapp\admin.py changed, reloading.
INFO 2024-04-14 23:29:00,735 autoreload 17120 5248 Watching for file changes with StatReloader
INFO 2024-04-14 23:29:05,665 basehttp 17120 14700 "GET /admin/ HTTP/1.1" 200 6623
INFO 2024-04-14 23:29:10,534 basehttp 17120 14700 "GET /admin/gameapp/coin/ HTTP/1.1" 200 7930
INFO 2024-04-14 23:29:10,578 basehttp 17120 12084 "GET /admin/jsi18n/ HTTP/1.1" 200 17546
INFO 2024-04-14 23:29:10,782 basehttp 17120 14700 "GET /static/admin/css/changelists.css HTTP/1.1" 200 6811
INFO 2024-04-14 23:29:10,786 basehttp 17120 14700 "GET /static/admin/js/urlify.js HTTP/1.1" 200 7887
INFO 2024-04-14 23:29:10,789 basehttp 17120 14700 "GET /static/admin/js/prepopulate.js HTTP/1.1" 200 1531
INFO 2024-04-14 23:29:10,795 basehttp 17120 14700 "GET /static/admin/js/vendor/xregexp/xregexp.js HTTP/1.1" 200 325171
INFO 2024-04-14 23:29:10,816 basehttp 17120 16376 "GET /static/admin/js/vendor/jquery/jquery.js HTTP/1.1" 200 285314
INFO 2024-04-14 23:29:10,862 basehttp 17120 14556 "GET /static/admin/js/core.js HTTP/1.1" 200 6208
INFO 2024-04-14 23:29:10,906 basehttp 17120 3324 "GET /static/admin/js/jquery.init.js HTTP/1.1" 200 347
INFO 2024-04-14 23:29:10,948 basehttp 17120 572 "GET /static/admin/js/admin/RelatedObjectLookups.js HTTP/1.1" 200 9042
INFO 2024-04-14 23:29:10,952 basehttp 17120 572 "GET /static/admin/js/filters.js HTTP/1.1" 200 978
INFO 2024-04-14 23:29:10,982 basehttp 17120 12084 "GET /static/admin/js/actions.js HTTP/1.1" 200 8067
INFO 2024-04-14 23:29:11,000 basehttp 17120 12084 "GET /static/admin/img/tooltag-add.svg HTTP/1.1" 200 331
INFO 2024-04-14 23:30:58,969 autoreload 17120 5248 E:\GeekBrains\Учеба GeekBrains\3 quarter. Final\2. Django framework (Seminars)\GB_Django\Seminar5\myprojectseminar\blogapp\admin.py changed, reloading.
INFO 2024-04-14 23:30:59,723 autoreload 14416 8748 Watching for file changes with StatReloader
INFO 2024-04-14 23:30:59,983 basehttp 14416 16456 "GET /admin/gameapp/coin/ HTTP/1.1" 200 8478
INFO 2024-04-14 23:31:00,022 basehttp 14416 16456 "GET /admin/jsi18n/ HTTP/1.1" 200 17546
INFO 2024-04-14 23:31:10,657 basehttp 14416 16456 "GET /admin/blogapp/author/ HTTP/1.1" 200 10341
INFO 2024-04-14 23:31:10,695 basehttp 14416 16456 "GET /admin/jsi18n/ HTTP/1.1" 200 17546
INFO 2024-04-14 23:31:37,770 autoreload 14416 8748 E:\GeekBrains\Учеба GeekBrains\3 quarter. Final\2. Django framework (Seminars)\GB_Django\Seminar5\myprojectseminar\blogapp\admin.py changed, reloading.
INFO 2024-04-14 23:31:38,612 autoreload 1816 10276 Watching for file changes with StatReloader
INFO 2024-04-14 23:31:49,026 basehttp 1816 3624 "GET /admin/blogapp/author/2/change/ HTTP/1.1" 200 12325
INFO 2024-04-14 23:31:49,077 basehttp 1816 4332 "GET /admin/jsi18n/ HTTP/1.1" 200 17546
INFO 2024-04-14 23:31:49,267 basehttp 1816 9056 "GET /static/admin/js/calendar.js HTTP/1.1" 200 9141
INFO 2024-04-14 23:31:49,291 basehttp 1816 14588 "GET /static/admin/js/admin/DateTimeShortcuts.js HTTP/1.1" 200 19319
INFO 2024-04-14 23:31:49,320 basehttp 1816 3624 "GET /static/admin/css/forms.css HTTP/1.1" 200 9090
INFO 2024-04-14 23:31:49,326 basehttp 1816 3624 "GET /static/admin/js/change_form.js HTTP/1.1" 200 606
INFO 2024-04-14 23:31:49,326 basehttp 1816 14588 "GET /static/admin/css/widgets.css HTTP/1.1" 200 11800
INFO 2024-04-14 23:31:49,327 basehttp 1816 11704 "GET /static/admin/js/prepopulate_init.js HTTP/1.1" 200 586
INFO 2024-04-14 23:31:49,432 basehttp 1816 11704 "GET /static/admin/img/icon-calendar.svg HTTP/1.1" 200 1086
INFO 2024-04-14 23:32:04,947 basehttp 1816 11704 "GET /admin/blogapp/author/ HTTP/1.1" 200 10341
INFO 2024-04-14 23:36:41,827 basehttp 1816 11704 "GET /admin/auth/group/add/ HTTP/1.1" 200 13691
INFO 2024-04-14 23:36:41,863 basehttp 1816 14588 "GET /static/admin/js/SelectFilter2.js HTTP/1.1" 200 15492
INFO 2024-04-14 23:36:41,863 basehttp 1816 11704 "GET /static/admin/js/SelectBox.js HTTP/1.1" 200 4530
INFO 2024-04-14 23:36:41,867 basehttp 1816 3624 "GET /admin/jsi18n/ HTTP/1.1" 200 17546
INFO 2024-04-14 23:36:42,056 basehttp 1816 11704 "GET /static/admin/img/search.svg HTTP/1.1" 200 458
INFO 2024-04-14 23:36:42,056 basehttp 1816 3624 "GET /static/admin/img/icon-unknown.svg HTTP/1.1" 200 655
INFO 2024-04-14 23:36:42,057 basehttp 1816 9056 "GET /static/admin/img/icon-unknown-alt.svg HTTP/1.1" 200 655
INFO 2024-04-14 23:36:42,057 basehttp 1816 14588 "GET /static/admin/img/selector-icons.svg HTTP/1.1" 200 3291
INFO 2024-04-14 23:41:23,260 basehttp 1816 14588 "POST /admin/auth/group/add/ HTTP/1.1" 302 0
INFO 2024-04-14 23:41:23,281 basehttp 1816 14588 "GET /admin/auth/group/add/ HTTP/1.1" 200 13988
INFO 2024-04-14 23:41:23,317 basehttp 1816 14588 "GET /admin/jsi18n/ HTTP/1.1" 200 17546
INFO 2024-04-14 23:41:23,481 basehttp 1816 14588 "GET /static/admin/img/icon-yes.svg HTTP/1.1" 200 436
INFO 2024-04-14 23:45:06,749 basehttp 1816 14588 "POST /admin/auth/group/add/ HTTP/1.1" 302 0
INFO 2024-04-14 23:45:06,768 basehttp 1816 14588 "GET /admin/auth/group/add/ HTTP/1.1" 200 13990
INFO 2024-04-14 23:45:06,802 basehttp 1816 14588 "GET /admin/jsi18n/ HTTP/1.1" 200 17546
INFO 2024-04-14 23:45:42,925 basehttp 1816 14588 "POST /admin/auth/group/add/ HTTP/1.1" 302 0
INFO 2024-04-14 23:45:42,944 basehttp 1816 14588 "GET /admin/auth/group/ HTTP/1.1" 200 11348
INFO 2024-04-14 23:45:42,982 basehttp 1816 14588 "GET /admin/jsi18n/ HTTP/1.1" 200 17546
INFO 2024-04-14 23:45:57,090 basehttp 1816 14588 "GET /admin/auth/group/add/ HTTP/1.1" 200 13691
INFO 2024-04-14 23:45:57,128 basehttp 1816 14588 "GET /admin/jsi18n/ HTTP/1.1" 200 17546
INFO 2024-04-14 23:46:34,211 basehttp 1816 14588 "GET /admin/auth/user/ HTTP/1.1" 200 13474
INFO 2024-04-14 23:46:34,251 basehttp 1816 14588 "GET /admin/jsi18n/ HTTP/1.1" 200 17546
INFO 2024-04-14 23:46:34,361 basehttp 1816 14588 "GET /static/admin/img/sorting-icons.svg HTTP/1.1" 200 1097
INFO 2024-04-14 23:46:34,361 basehttp 1816 16376 "GET /static/admin/img/icon-viewlink.svg HTTP/1.1" 200 581
INFO 2024-04-14 23:46:52,551 basehttp 1816 16376 "GET /admin/auth/user/add/ HTTP/1.1" 200 12326
INFO 2024-04-14 23:46:52,582 basehttp 1816 16376 "GET /admin/jsi18n/ HTTP/1.1" 200 17546
INFO 2024-04-14 23:49:05,406 basehttp 1816 16376 "POST /admin/auth/user/add/ HTTP/1.1" 200 12588
INFO 2024-04-14 23:49:05,446 basehttp 1816 16376 "GET /admin/jsi18n/ HTTP/1.1" 200 17546
INFO 2024-04-14 23:49:21,986 basehttp 1816 16376 "POST /admin/auth/user/add/ HTTP/1.1" 302 0
INFO 2024-04-14 23:49:22,025 basehttp 1816 16376 "GET /admin/auth/user/2/change/ HTTP/1.1" 200 24812
INFO 2024-04-14 23:49:22,073 basehttp 1816 16376 "GET /admin/jsi18n/ HTTP/1.1" 200 17546
INFO 2024-04-14 23:49:22,256 basehttp 1816 16376 "GET /static/admin/img/icon-clock.svg HTTP/1.1" 200 677
INFO 2024-04-14 23:50:54,610 basehttp 1816 16376 "POST /admin/auth/user/2/change/ HTTP/1.1" 302 0
INFO 2024-04-14 23:50:54,630 basehttp 1816 16376 "GET /admin/auth/user/ HTTP/1.1" 200 14264
INFO 2024-04-14 23:50:54,666 basehttp 1816 16376 "GET /static/admin/img/icon-no.svg HTTP/1.1" 200 560
INFO 2024-04-14 23:50:54,670 basehttp 1816 14588 "GET /admin/jsi18n/ HTTP/1.1" 200 17546
INFO 2024-04-14 23:51:03,173 basehttp 1816 14588 "GET /admin/auth/user/add/ HTTP/1.1" 200 12326
INFO 2024-04-14 23:51:03,213 basehttp 1816 14588 "GET /admin/jsi18n/ HTTP/1.1" 200 17546
INFO 2024-04-14 23:53:20,345 basehttp 1816 14588 "POST /admin/auth/user/add/ HTTP/1.1" 302 0
INFO 2024-04-14 23:53:20,372 basehttp 1816 14588 "GET /admin/auth/user/3/change/ HTTP/1.1" 200 24812
INFO 2024-04-14 23:53:20,409 basehttp 1816 14588 "GET /admin/jsi18n/ HTTP/1.1" 200 17546
INFO 2024-04-14 23:53:34,959 basehttp 1816 14588 "POST /admin/auth/user/3/change/ HTTP/1.1" 302 0
INFO 2024-04-14 23:53:34,980 basehttp 1816 14588 "GET /admin/auth/user/ HTTP/1.1" 200 14805
INFO 2024-04-14 23:53:35,016 basehttp 1816 14588 "GET /admin/jsi18n/ HTTP/1.1" 200 17546
INFO 2024-04-14 23:53:54,194 basehttp 1816 14588 "GET /admin/auth/user/3/change/ HTTP/1.1" 200 24504
INFO 2024-04-14 23:53:54,233 basehttp 1816 14588 "GET /admin/jsi18n/ HTTP/1.1" 200 17546
INFO 2024-04-14 23:54:29,728 basehttp 1816 14588 "POST /admin/auth/user/3/change/ HTTP/1.1" 302 0
INFO 2024-04-14 23:54:29,745 basehttp 1816 14588 "GET /admin/auth/user/ HTTP/1.1" 200 14813
INFO 2024-04-14 23:54:29,785 basehttp 1816 14588 "GET /admin/jsi18n/ HTTP/1.1" 200 17546
INFO 2024-04-14 23:54:31,716 basehttp 1816 14588 "GET /admin/auth/user/2/change/ HTTP/1.1" 200 24521
INFO 2024-04-14 23:54:31,751 basehttp 1816 14588 "GET /admin/jsi18n/ HTTP/1.1" 200 17546
INFO 2024-04-14 23:54:40,427 basehttp 1816 14588 "POST /admin/auth/user/2/change/ HTTP/1.1" 302 0
INFO 2024-04-14 23:54:40,443 basehttp 1816 14588 "GET /admin/auth/user/ HTTP/1.1" 200 14813
INFO 2024-04-14 23:54:40,477 basehttp 1816 14588 "GET /admin/jsi18n/ HTTP/1.1" 200 17546
INFO 2024-04-14 23:54:48,611 basehttp 1816 14588 "POST /admin/logout/ HTTP/1.1" 200 3817
INFO 2024-04-14 23:54:50,499 basehttp 1816 14588 "GET /admin/ HTTP/1.1" 302 0
INFO 2024-04-14 23:54:50,508 basehttp 1816 14588 "GET /admin/login/?next=/admin/ HTTP/1.1" 200 4359
INFO 2024-04-14 23:55:05,050 basehttp 1816 14588 "POST /admin/login/?next=/admin/ HTTP/1.1" 302 0
INFO 2024-04-14 23:55:05,067 basehttp 1816 14588 "GET /admin/ HTTP/1.1" 200 7315
INFO 2024-04-14 23:55:59,381 basehttp 1816 14588 "POST /admin/logout/ HTTP/1.1" 200 3817
INFO 2024-04-14 23:56:01,097 basehttp 1816 14588 "GET /admin/ HTTP/1.1" 302 0
INFO 2024-04-14 23:56:01,106 basehttp 1816 14588 "GET /admin/login/?next=/admin/ HTTP/1.1" 200 4359
INFO 2024-04-14 23:56:16,151 basehttp 1816 14588 "POST /admin/login/?next=/admin/ HTTP/1.1" 200 4646
INFO 2024-04-14 23:56:25,820 basehttp 1816 14588 "POST /admin/login/?next=/admin/ HTTP/1.1" 302 0
INFO 2024-04-14 23:56:25,833 basehttp 1816 14588 "GET /admin/ HTTP/1.1" 200 10787
INFO 2024-04-14 23:56:38,906 basehttp 1816 14588 "GET /admin/auth/user/ HTTP/1.1" 200 14572
INFO 2024-04-14 23:56:38,940 basehttp 1816 14588 "GET /admin/jsi18n/ HTTP/1.1" 200 17546
INFO 2024-04-14 23:56:42,811 basehttp 1816 14588 "GET /admin/auth/user/2/change/ HTTP/1.1" 200 24565
INFO 2024-04-14 23:56:42,845 basehttp 1816 14588 "GET /admin/jsi18n/ HTTP/1.1" 200 17546
INFO 2024-04-14 23:57:13,085 basehttp 1816 14588 "GET /admin/auth/user/ HTTP/1.1" 200 14572
INFO 2024-04-14 23:57:13,121 basehttp 1816 14588 "GET /admin/jsi18n/ HTTP/1.1" 200 17546
INFO 2024-04-14 23:57:15,385 basehttp 1816 14588 "GET /admin/auth/user/3/change/ HTTP/1.1" 200 24521
INFO 2024-04-14 23:57:15,421 basehttp 1816 14588 "GET /admin/jsi18n/ HTTP/1.1" 200 17546
INFO 2024-04-14 23:57:21,775 basehttp 1816 14588 "POST /admin/auth/user/3/change/ HTTP/1.1" 302 0
INFO 2024-04-14 23:57:21,793 basehttp 1816 14588 "GET /admin/auth/user/ HTTP/1.1" 200 14813
INFO 2024-04-14 23:57:21,828 basehttp 1816 14588 "GET /admin/jsi18n/ HTTP/1.1" 200 17546
INFO 2024-04-14 23:57:24,799 basehttp 1816 14588 "POST /admin/logout/ HTTP/1.1" 200 3817
INFO 2024-04-14 23:57:25,971 basehttp 1816 14588 "GET /admin/ HTTP/1.1" 302 0
INFO 2024-04-14 23:57:25,981 basehttp 1816 14588 "GET /admin/login/?next=/admin/ HTTP/1.1" 200 4359
INFO 2024-04-14 23:57:34,268 basehttp 1816 14588 "POST /admin/login/?next=/admin/ HTTP/1.1" 302 0
INFO 2024-04-14 23:57:34,280 basehttp 1816 14588 "GET /admin/ HTTP/1.1" 200 7050
INFO 2024-04-14 23:57:37,825 basehttp 1816 14588 "GET /admin/blogapp/author/ HTTP/1.1" 200 8483
INFO 2024-04-14 23:57:39,610 basehttp 1816 14588 "GET /admin/ HTTP/1.1" 200 7050
WARNING 2024-04-15 00:00:16,689 log 1816 14588 Not Found: /
WARNING 2024-04-15 00:00:16,691 basehttp 1816 14588 "GET / HTTP/1.1" 404 2279
WARNING 2024-04-15 00:00:24,046 log 1816 14588 Not Found: /gameapp/index
WARNING 2024-04-15 00:00:24,047 basehttp 1816 14588 "GET /gameapp/index HTTP/1.1" 404 2336
WARNING 2024-04-15 00:00:38,164 log 1816 14588 Not Found: /game/index
WARNING 2024-04-15 00:00:38,165 basehttp 1816 14588 "GET /game/index HTTP/1.1" 404 3500
INFO 2024-04-15 00:00:46,704 basehttp 1816 14588 "GET /game/ HTTP/1.1" 200 716
INFO 2024-04-15 00:01:52,638 basehttp 1816 14588 "GET /game/two_index HTTP/1.1" 200 197
WARNING 2024-04-15 00:02:15,665 log 1816 14588 Not Found: /game/coin/
WARNING 2024-04-15 00:02:15,666 basehttp 1816 14588 "GET /game/coin/ HTTP/1.1" 404 3500
WARNING 2024-04-15 00:02:16,715 log 1816 14588 Not Found: /game/coin/
WARNING 2024-04-15 00:02:16,716 basehttp 1816 14588 "GET /game/coin/ HTTP/1.1" 404 3500
INFO 2024-04-15 00:02:30,270 basehttp 1816 14588 "GET /game/coin/7 HTTP/1.1" 200 289
INFO 2024-04-15 00:02:49,790 basehttp 1816 14588 "GET /game/kub/7 HTTP/1.1" 200 198
INFO 2024-04-15 00:03:02,152 basehttp 1816 14588 "GET /game/numbers/5 HTTP/1.1" 200 192
INFO 2024-04-15 00:03:13,391 basehttp 1816 14588 "GET /game/coin_values/ HTTP/1.1" 200 0
INFO 2024-04-15 00:03:23,154 basehttp 1816 14588 "GET /game/game_choice/ HTTP/1.1" 200 759
INFO 2024-04-15 00:03:30,521 basehttp 1816 14588 "POST /game/game_choice/ HTTP/1.1" 200 263
INFO 2024-04-15 00:03:31,729 basehttp 1816 14588 "GET /game/game_choice/ HTTP/1.1" 200 759
INFO 2024-04-15 00:03:34,071 basehttp 1816 14588 "POST /game/game_choice/ HTTP/1.1" 200 192
INFO 2024-04-15 00:03:35,029 basehttp 1816 14588 "GET /game/game_choice/ HTTP/1.1" 200 759
INFO 2024-04-15 00:03:36,773 basehttp 1816 14588 "POST /game/game_choice/ HTTP/1.1" 200 192
INFO 2024-04-15 00:03:37,736 basehttp 1816 14588 "GET /game/game_choice/ HTTP/1.1" 200 759
INFO 2024-04-15 00:04:34,583 basehttp 1816 14588 "GET /game/coin_values/ HTTP/1.1" 200 0
INFO 2024-04-15 00:08:40,525 autoreload 10832 7860 Watching for file changes with StatReloader
INFO 2024-04-15 00:08:42,463 basehttp 10832 16180 "GET /admin/ HTTP/1.1" 200 7050
ERROR 2024-04-15 00:08:50,086 log 10832 16180 Internal Server Error: /admin/logout/
Traceback (most recent call last):
  File "E:\GeekBrains\Учеба GeekBrains\3 quarter. Final\2. Django framework (Seminars)\GB_Django\.venv\Lib\site-packages\django\db\backends\utils.py", line 105, in _execute
    return self.cursor.execute(sql, params)
           ^^^^^^^^^^^^^^^^^^^^^^^^^^^^^^^^
  File "E:\GeekBrains\Учеба GeekBrains\3 quarter. Final\2. Django framework (Seminars)\GB_Django\.venv\Lib\site-packages\django\db\backends\sqlite3\base.py", line 329, in execute
    return super().execute(query, params)
           ^^^^^^^^^^^^^^^^^^^^^^^^^^^^^^
sqlite3.OperationalError: database is locked

The above exception was the direct cause of the following exception:

Traceback (most recent call last):
  File "E:\GeekBrains\Учеба GeekBrains\3 quarter. Final\2. Django framework (Seminars)\GB_Django\.venv\Lib\site-packages\django\core\handlers\exception.py", line 55, in inner
    response = get_response(request)
               ^^^^^^^^^^^^^^^^^^^^^
  File "E:\GeekBrains\Учеба GeekBrains\3 quarter. Final\2. Django framework (Seminars)\GB_Django\.venv\Lib\site-packages\django\core\handlers\base.py", line 197, in _get_response
    response = wrapped_callback(request, *callback_args, **callback_kwargs)
               ^^^^^^^^^^^^^^^^^^^^^^^^^^^^^^^^^^^^^^^^^^^^^^^^^^^^^^^^^^^^
  File "E:\GeekBrains\Учеба GeekBrains\3 quarter. Final\2. Django framework (Seminars)\GB_Django\.venv\Lib\site-packages\django\contrib\admin\sites.py", line 259, in wrapper
    return self.admin_view(view, cacheable)(*args, **kwargs)
           ^^^^^^^^^^^^^^^^^^^^^^^^^^^^^^^^^^^^^^^^^^^^^^^^^
  File "E:\GeekBrains\Учеба GeekBrains\3 quarter. Final\2. Django framework (Seminars)\GB_Django\.venv\Lib\site-packages\django\utils\decorators.py", line 188, in _view_wrapper
    result = _process_exception(request, e)
             ^^^^^^^^^^^^^^^^^^^^^^^^^^^^^^
  File "E:\GeekBrains\Учеба GeekBrains\3 quarter. Final\2. Django framework (Seminars)\GB_Django\.venv\Lib\site-packages\django\utils\decorators.py", line 186, in _view_wrapper
    response = view_func(request, *args, **kwargs)
               ^^^^^^^^^^^^^^^^^^^^^^^^^^^^^^^^^^^
  File "E:\GeekBrains\Учеба GeekBrains\3 quarter. Final\2. Django framework (Seminars)\GB_Django\.venv\Lib\site-packages\django\views\decorators\cache.py", line 80, in _view_wrapper
    response = view_func(request, *args, **kwargs)
               ^^^^^^^^^^^^^^^^^^^^^^^^^^^^^^^^^^^
  File "E:\GeekBrains\Учеба GeekBrains\3 quarter. Final\2. Django framework (Seminars)\GB_Django\.venv\Lib\site-packages\django\contrib\admin\sites.py", line 240, in inner
    return view(request, *args, **kwargs)
           ^^^^^^^^^^^^^^^^^^^^^^^^^^^^^^
  File "E:\GeekBrains\Учеба GeekBrains\3 quarter. Final\2. Django framework (Seminars)\GB_Django\.venv\Lib\site-packages\django\contrib\admin\sites.py", line 402, in logout
    return LogoutView.as_view(**defaults)(request)
           ^^^^^^^^^^^^^^^^^^^^^^^^^^^^^^^^^^^^^^^
  File "E:\GeekBrains\Учеба GeekBrains\3 quarter. Final\2. Django framework (Seminars)\GB_Django\.venv\Lib\site-packages\django\views\generic\base.py", line 104, in view
    return self.dispatch(request, *args, **kwargs)
           ^^^^^^^^^^^^^^^^^^^^^^^^^^^^^^^^^^^^^^^
  File "E:\GeekBrains\Учеба GeekBrains\3 quarter. Final\2. Django framework (Seminars)\GB_Django\.venv\Lib\site-packages\django\utils\decorators.py", line 48, in _wrapper
    return bound_method(*args, **kwargs)
           ^^^^^^^^^^^^^^^^^^^^^^^^^^^^^
  File "E:\GeekBrains\Учеба GeekBrains\3 quarter. Final\2. Django framework (Seminars)\GB_Django\.venv\Lib\site-packages\django\utils\decorators.py", line 188, in _view_wrapper
    result = _process_exception(request, e)
             ^^^^^^^^^^^^^^^^^^^^^^^^^^^^^^
  File "E:\GeekBrains\Учеба GeekBrains\3 quarter. Final\2. Django framework (Seminars)\GB_Django\.venv\Lib\site-packages\django\utils\decorators.py", line 186, in _view_wrapper
    response = view_func(request, *args, **kwargs)
               ^^^^^^^^^^^^^^^^^^^^^^^^^^^^^^^^^^^
  File "E:\GeekBrains\Учеба GeekBrains\3 quarter. Final\2. Django framework (Seminars)\GB_Django\.venv\Lib\site-packages\django\utils\decorators.py", line 48, in _wrapper
    return bound_method(*args, **kwargs)
           ^^^^^^^^^^^^^^^^^^^^^^^^^^^^^
  File "E:\GeekBrains\Учеба GeekBrains\3 quarter. Final\2. Django framework (Seminars)\GB_Django\.venv\Lib\site-packages\django\views\decorators\cache.py", line 80, in _view_wrapper
    response = view_func(request, *args, **kwargs)
               ^^^^^^^^^^^^^^^^^^^^^^^^^^^^^^^^^^^
  File "E:\GeekBrains\Учеба GeekBrains\3 quarter. Final\2. Django framework (Seminars)\GB_Django\.venv\Lib\site-packages\django\contrib\auth\views.py", line 136, in dispatch
    return super().dispatch(request, *args, **kwargs)
           ^^^^^^^^^^^^^^^^^^^^^^^^^^^^^^^^^^^^^^^^^^
  File "E:\GeekBrains\Учеба GeekBrains\3 quarter. Final\2. Django framework (Seminars)\GB_Django\.venv\Lib\site-packages\django\views\generic\base.py", line 143, in dispatch
    return handler(request, *args, **kwargs)
           ^^^^^^^^^^^^^^^^^^^^^^^^^^^^^^^^^
  File "E:\GeekBrains\Учеба GeekBrains\3 quarter. Final\2. Django framework (Seminars)\GB_Django\.venv\Lib\site-packages\django\contrib\auth\views.py", line 140, in post
    auth_logout(request)
  File "E:\GeekBrains\Учеба GeekBrains\3 quarter. Final\2. Django framework (Seminars)\GB_Django\.venv\Lib\site-packages\django\contrib\auth\__init__.py", line 171, in logout
    request.session.flush()
  File "E:\GeekBrains\Учеба GeekBrains\3 quarter. Final\2. Django framework (Seminars)\GB_Django\.venv\Lib\site-packages\django\contrib\sessions\backends\base.py", line 295, in flush
    self.delete()
  File "E:\GeekBrains\Учеба GeekBrains\3 quarter. Final\2. Django framework (Seminars)\GB_Django\.venv\Lib\site-packages\django\contrib\sessions\backends\db.py", line 104, in delete
    self.model.objects.get(session_key=session_key).delete()
  File "E:\GeekBrains\Учеба GeekBrains\3 quarter. Final\2. Django framework (Seminars)\GB_Django\.venv\Lib\site-packages\django\db\models\base.py", line 1179, in delete
    return collector.delete()
           ^^^^^^^^^^^^^^^^^^
  File "E:\GeekBrains\Учеба GeekBrains\3 quarter. Final\2. Django framework (Seminars)\GB_Django\.venv\Lib\site-packages\django\db\models\deletion.py", line 453, in delete
    count = sql.DeleteQuery(model).delete_batch(
            ^^^^^^^^^^^^^^^^^^^^^^^^^^^^^^^^^^^^
  File "E:\GeekBrains\Учеба GeekBrains\3 quarter. Final\2. Django framework (Seminars)\GB_Django\.venv\Lib\site-packages\django\db\models\sql\subqueries.py", line 42, in delete_batch
    num_deleted += self.do_query(
                   ^^^^^^^^^^^^^^
  File "E:\GeekBrains\Учеба GeekBrains\3 quarter. Final\2. Django framework (Seminars)\GB_Django\.venv\Lib\site-packages\django\db\models\sql\subqueries.py", line 20, in do_query
    cursor = self.get_compiler(using).execute_sql(CURSOR)
             ^^^^^^^^^^^^^^^^^^^^^^^^^^^^^^^^^^^^^^^^^^^^
  File "E:\GeekBrains\Учеба GeekBrains\3 quarter. Final\2. Django framework (Seminars)\GB_Django\.venv\Lib\site-packages\django\db\models\sql\compiler.py", line 1562, in execute_sql
    cursor.execute(sql, params)
  File "E:\GeekBrains\Учеба GeekBrains\3 quarter. Final\2. Django framework (Seminars)\GB_Django\.venv\Lib\site-packages\django\db\backends\utils.py", line 122, in execute
    return super().execute(sql, params)
           ^^^^^^^^^^^^^^^^^^^^^^^^^^^^
  File "E:\GeekBrains\Учеба GeekBrains\3 quarter. Final\2. Django framework (Seminars)\GB_Django\.venv\Lib\site-packages\django\db\backends\utils.py", line 79, in execute
    return self._execute_with_wrappers(
           ^^^^^^^^^^^^^^^^^^^^^^^^^^^^
  File "E:\GeekBrains\Учеба GeekBrains\3 quarter. Final\2. Django framework (Seminars)\GB_Django\.venv\Lib\site-packages\django\db\backends\utils.py", line 92, in _execute_with_wrappers
    return executor(sql, params, many, context)
           ^^^^^^^^^^^^^^^^^^^^^^^^^^^^^^^^^^^^
  File "E:\GeekBrains\Учеба GeekBrains\3 quarter. Final\2. Django framework (Seminars)\GB_Django\.venv\Lib\site-packages\django\db\backends\utils.py", line 100, in _execute
    with self.db.wrap_database_errors:
  File "E:\GeekBrains\Учеба GeekBrains\3 quarter. Final\2. Django framework (Seminars)\GB_Django\.venv\Lib\site-packages\django\db\utils.py", line 91, in __exit__
    raise dj_exc_value.with_traceback(traceback) from exc_value
  File "E:\GeekBrains\Учеба GeekBrains\3 quarter. Final\2. Django framework (Seminars)\GB_Django\.venv\Lib\site-packages\django\db\backends\utils.py", line 105, in _execute
    return self.cursor.execute(sql, params)
           ^^^^^^^^^^^^^^^^^^^^^^^^^^^^^^^^
  File "E:\GeekBrains\Учеба GeekBrains\3 quarter. Final\2. Django framework (Seminars)\GB_Django\.venv\Lib\site-packages\django\db\backends\sqlite3\base.py", line 329, in execute
    return super().execute(query, params)
           ^^^^^^^^^^^^^^^^^^^^^^^^^^^^^^
django.db.utils.OperationalError: database is locked
ERROR 2024-04-15 00:08:50,099 basehttp 10832 16180 "POST /admin/logout/ HTTP/1.1" 500 229890
INFO 2024-04-15 00:09:01,638 basehttp 10832 16180 "POST /admin/logout/ HTTP/1.1" 200 3817
INFO 2024-04-15 00:09:04,004 basehttp 10832 16180 "GET /admin/ HTTP/1.1" 302 0
INFO 2024-04-15 00:09:04,020 basehttp 10832 16180 "GET /admin/login/?next=/admin/ HTTP/1.1" 200 4359
INFO 2024-04-15 00:09:10,044 basehttp 10832 16180 "POST /admin/login/?next=/admin/ HTTP/1.1" 302 0
INFO 2024-04-15 00:09:10,057 basehttp 10832 16180 "GET /admin/ HTTP/1.1" 200 11178
INFO 2024-04-15 00:16:35,452 basehttp 10832 15716 "GET /admin/blogapp/author/add/ HTTP/1.1" 200 12023
INFO 2024-04-15 00:16:35,505 basehttp 10832 15716 "GET /admin/jsi18n/ HTTP/1.1" 200 17546
INFO 2024-04-15 00:17:47,173 basehttp 10832 15716 "GET /static/admin/img/calendar-icons.svg HTTP/1.1" 200 1094
INFO 2024-04-15 00:19:26,253 basehttp 10832 15716 "POST /admin/blogapp/author/add/ HTTP/1.1" 302 0
INFO 2024-04-15 00:19:26,284 basehttp 10832 15716 "GET /admin/blogapp/author/ HTTP/1.1" 200 10949
INFO 2024-04-15 00:19:26,316 basehttp 10832 15716 "GET /admin/jsi18n/ HTTP/1.1" 200 17546
INFO 2024-04-15 00:19:27,952 basehttp 10832 15716 "GET /admin/blogapp/author/3/change/ HTTP/1.1" 200 12413
INFO 2024-04-15 00:19:27,986 basehttp 10832 15716 "GET /admin/jsi18n/ HTTP/1.1" 200 17546
INFO 2024-04-15 00:19:39,552 basehttp 10832 15716 "GET /admin/blogapp/author/ HTTP/1.1" 200 10717
INFO 2024-04-15 00:20:03,573 basehttp 10832 15716 "GET /admin/blogapp/author/add/ HTTP/1.1" 200 12023
INFO 2024-04-15 00:20:03,602 basehttp 10832 15716 "GET /admin/jsi18n/ HTTP/1.1" 200 17546
INFO 2024-04-15 00:21:00,283 basehttp 10832 15716 "POST /admin/blogapp/author/add/ HTTP/1.1" 302 0
INFO 2024-04-15 00:21:00,308 basehttp 10832 15716 "GET /admin/blogapp/author/ HTTP/1.1" 200 11295
INFO 2024-04-15 00:21:00,338 basehttp 10832 15716 "GET /admin/jsi18n/ HTTP/1.1" 200 17546
INFO 2024-04-15 00:21:28,795 basehttp 10832 15716 "GET /admin/blogapp/author/add/ HTTP/1.1" 200 12023
INFO 2024-04-15 00:21:28,825 basehttp 10832 15716 "GET /admin/jsi18n/ HTTP/1.1" 200 17546
INFO 2024-04-15 00:22:50,914 basehttp 10832 15716 "POST /admin/blogapp/author/add/ HTTP/1.1" 302 0
INFO 2024-04-15 00:22:50,930 basehttp 10832 15716 "GET /admin/blogapp/author/ HTTP/1.1" 200 11651
INFO 2024-04-15 00:22:50,966 basehttp 10832 15716 "GET /admin/jsi18n/ HTTP/1.1" 200 17546
INFO 2024-04-15 00:23:01,536 basehttp 10832 15716 "GET /admin/gameapp/coin/add/ HTTP/1.1" 200 10388
INFO 2024-04-15 00:23:01,602 basehttp 10832 15716 "GET /admin/jsi18n/ HTTP/1.1" 200 17546
INFO 2024-04-15 00:23:59,922 basehttp 10832 15716 "POST /admin/gameapp/coin/add/ HTTP/1.1" 302 0
INFO 2024-04-15 00:23:59,939 basehttp 10832 15716 "GET /admin/gameapp/coin/ HTTP/1.1" 200 10304
INFO 2024-04-15 00:23:59,971 basehttp 10832 15716 "GET /admin/jsi18n/ HTTP/1.1" 200 17546
INFO 2024-04-15 00:24:02,040 basehttp 10832 15716 "GET /admin/gameapp/coin/add/ HTTP/1.1" 200 10388
INFO 2024-04-15 00:24:02,077 basehttp 10832 15716 "GET /admin/jsi18n/ HTTP/1.1" 200 17546
INFO 2024-04-15 00:24:06,639 basehttp 10832 15716 "POST /admin/gameapp/coin/add/ HTTP/1.1" 302 0
INFO 2024-04-15 00:24:06,655 basehttp 10832 15716 "GET /admin/gameapp/coin/ HTTP/1.1" 200 10717
INFO 2024-04-15 00:24:06,691 basehttp 10832 15716 "GET /admin/jsi18n/ HTTP/1.1" 200 17546
INFO 2024-04-15 00:28:29,662 autoreload 10832 7860 E:\GeekBrains\Учеба GeekBrains\3 quarter. Final\2. Django framework (Seminars)\GB_Django\Seminar5\myprojectseminar\gameapp\admin.py changed, reloading.
INFO 2024-04-15 00:28:30,515 autoreload 8352 15092 Watching for file changes with StatReloader
INFO 2024-04-15 00:28:42,366 autoreload 8352 15092 E:\GeekBrains\Учеба GeekBrains\3 quarter. Final\2. Django framework (Seminars)\GB_Django\Seminar5\myprojectseminar\gameapp\admin.py changed, reloading.
INFO 2024-04-15 00:28:43,189 autoreload 15688 16200 Watching for file changes with StatReloader
INFO 2024-04-15 00:29:14,735 autoreload 15688 16200 E:\GeekBrains\Учеба GeekBrains\3 quarter. Final\2. Django framework (Seminars)\GB_Django\Seminar5\myprojectseminar\gameapp\admin.py changed, reloading.
INFO 2024-04-15 00:29:15,559 autoreload 16536 3732 Watching for file changes with StatReloader
INFO 2024-04-15 00:29:17,703 basehttp 16536 15740 "GET /admin/gameapp/coin/ HTTP/1.1" 200 10399
INFO 2024-04-15 00:29:17,760 basehttp 16536 15740 "GET /admin/jsi18n/ HTTP/1.1" 200 17546
INFO 2024-04-15 00:31:54,304 autoreload 16536 3732 E:\GeekBrains\Учеба GeekBrains\3 quarter. Final\2. Django framework (Seminars)\GB_Django\Seminar5\myprojectseminar\blogapp\admin.py changed, reloading.
INFO 2024-04-15 00:31:55,028 autoreload 10644 17252 Watching for file changes with StatReloader
INFO 2024-04-15 00:31:58,586 autoreload 10644 17252 E:\GeekBrains\Учеба GeekBrains\3 quarter. Final\2. Django framework (Seminars)\GB_Django\Seminar5\myprojectseminar\blogapp\admin.py changed, reloading.
INFO 2024-04-15 00:31:59,290 autoreload 16928 9756 Watching for file changes with StatReloader
INFO 2024-04-15 00:31:59,693 basehttp 16928 10792 "GET /admin/gameapp/coin/ HTTP/1.1" 200 10399
INFO 2024-04-15 00:31:59,735 basehttp 16928 10792 "GET /admin/jsi18n/ HTTP/1.1" 200 17546
INFO 2024-04-15 00:32:01,501 basehttp 16928 10792 "GET /admin/blogapp/author/ HTTP/1.1" 200 12944
INFO 2024-04-15 00:32:01,536 basehttp 16928 10792 "GET /admin/jsi18n/ HTTP/1.1" 200 17546
INFO 2024-04-15 00:33:37,806 basehttp 16928 10792 "GET /admin/blogapp/author/?o=1 HTTP/1.1" 200 13408
INFO 2024-04-15 00:33:37,844 basehttp 16928 10792 "GET /admin/jsi18n/ HTTP/1.1" 200 17546
INFO 2024-04-15 00:33:39,342 basehttp 16928 10792 "GET /admin/blogapp/author/?o=-1 HTTP/1.1" 200 13418
INFO 2024-04-15 00:33:39,382 basehttp 16928 10792 "GET /admin/jsi18n/ HTTP/1.1" 200 17546
INFO 2024-04-15 00:33:43,266 basehttp 16928 10792 "GET /admin/blogapp/author/?o=2.-1 HTTP/1.1" 200 13918
INFO 2024-04-15 00:33:43,290 basehttp 16928 10792 "GET /admin/jsi18n/ HTTP/1.1" 200 17546
INFO 2024-04-15 00:33:47,527 basehttp 16928 10792 "GET /admin/blogapp/author/?o=-1 HTTP/1.1" 200 13418
INFO 2024-04-15 00:33:47,554 basehttp 16928 10792 "GET /admin/jsi18n/ HTTP/1.1" 200 17546
INFO 2024-04-15 00:35:09,969 autoreload 16928 9756 E:\GeekBrains\Учеба GeekBrains\3 quarter. Final\2. Django framework (Seminars)\GB_Django\Seminar5\myprojectseminar\blogapp\admin.py changed, reloading.
INFO 2024-04-15 00:35:10,623 autoreload 17376 15984 Watching for file changes with StatReloader
INFO 2024-04-15 00:35:17,026 basehttp 17376 6092 "GET /admin/blogapp/author/?o=-1 HTTP/1.1" 200 16952
INFO 2024-04-15 00:35:17,052 basehttp 17376 6092 "GET /admin/jsi18n/ HTTP/1.1" 200 17546
INFO 2024-04-15 00:35:38,352 autoreload 17376 15984 E:\GeekBrains\Учеба GeekBrains\3 quarter. Final\2. Django framework (Seminars)\GB_Django\Seminar5\myprojectseminar\blogapp\admin.py changed, reloading.
INFO 2024-04-15 00:35:39,190 autoreload 10088 6612 Watching for file changes with StatReloader
INFO 2024-04-15 00:35:40,024 basehttp 10088 1436 "GET /admin/blogapp/author/?o=-1 HTTP/1.1" 200 16098
INFO 2024-04-15 00:35:40,050 basehttp 10088 1436 "GET /admin/jsi18n/ HTTP/1.1" 200 17546
INFO 2024-04-15 00:36:02,540 autoreload 10088 6612 E:\GeekBrains\Учеба GeekBrains\3 quarter. Final\2. Django framework (Seminars)\GB_Django\Seminar5\myprojectseminar\blogapp\admin.py changed, reloading.
INFO 2024-04-15 00:36:03,441 autoreload 7504 572 Watching for file changes with StatReloader
INFO 2024-04-15 00:36:04,869 basehttp 7504 9612 "GET /admin/blogapp/author/?o=-1 HTTP/1.1" 200 15435
INFO 2024-04-15 00:36:04,905 basehttp 7504 9612 "GET /admin/jsi18n/ HTTP/1.1" 200 17546
INFO 2024-04-15 00:36:20,976 autoreload 7504 572 E:\GeekBrains\Учеба GeekBrains\3 quarter. Final\2. Django framework (Seminars)\GB_Django\Seminar5\myprojectseminar\blogapp\admin.py changed, reloading.
INFO 2024-04-15 00:36:21,776 autoreload 6308 10200 Watching for file changes with StatReloader
INFO 2024-04-15 00:36:48,168 autoreload 6308 10200 E:\GeekBrains\Учеба GeekBrains\3 quarter. Final\2. Django framework (Seminars)\GB_Django\Seminar5\myprojectseminar\blogapp\admin.py changed, reloading.
INFO 2024-04-15 00:36:48,866 autoreload 17160 13936 Watching for file changes with StatReloader
INFO 2024-04-15 00:36:56,926 basehttp 17160 14632 "GET /admin/blogapp/author/?o=-1 HTTP/1.1" 200 15811
INFO 2024-04-15 00:36:56,952 basehttp 17160 14632 "GET /admin/jsi18n/ HTTP/1.1" 200 17546
INFO 2024-04-15 00:37:13,175 basehttp 17160 14632 "GET /admin/blogapp/author/?q=%D0%A2%D0%B0&o=-1 HTTP/1.1" 200 14185
INFO 2024-04-15 00:37:13,202 basehttp 17160 14632 "GET /admin/jsi18n/ HTTP/1.1" 200 17546
INFO 2024-04-15 00:37:20,897 basehttp 17160 14632 "GET /admin/blogapp/author/?q=&o=-1 HTTP/1.1" 200 16027
INFO 2024-04-15 00:37:20,925 basehttp 17160 14632 "GET /admin/jsi18n/ HTTP/1.1" 200 17546
INFO 2024-04-15 00:43:08,136 autoreload 17160 13936 E:\GeekBrains\Учеба GeekBrains\3 quarter. Final\2. Django framework (Seminars)\GB_Django\Seminar5\myprojectseminar\blogapp\admin.py changed, reloading.
INFO 2024-04-15 00:43:09,129 autoreload 6596 2356 Watching for file changes with StatReloader
INFO 2024-04-15 00:43:27,350 autoreload 6596 2356 E:\GeekBrains\Учеба GeekBrains\3 quarter. Final\2. Django framework (Seminars)\GB_Django\Seminar5\myprojectseminar\blogapp\admin.py changed, reloading.
INFO 2024-04-15 00:43:28,468 autoreload 14576 10648 Watching for file changes with StatReloader
INFO 2024-04-15 00:43:44,692 basehttp 14576 16444 "GET /admin/blogapp/author/?q=&o=-1 HTTP/1.1" 200 16027
INFO 2024-04-15 00:43:44,725 basehttp 14576 16444 "GET /admin/jsi18n/ HTTP/1.1" 200 17546
INFO 2024-04-15 00:43:53,320 basehttp 14576 16444 "GET /admin/blogapp/author/3/change/?_changelist_filters=q%3D%26o%3D-1 HTTP/1.1" 200 10194
INFO 2024-04-15 00:43:53,354 basehttp 14576 16444 "GET /admin/jsi18n/ HTTP/1.1" 200 17546
INFO 2024-04-15 00:44:33,618 autoreload 14576 10648 E:\GeekBrains\Учеба GeekBrains\3 quarter. Final\2. Django framework (Seminars)\GB_Django\Seminar5\myprojectseminar\blogapp\admin.py changed, reloading.
INFO 2024-04-15 00:44:34,390 autoreload 7760 16056 Watching for file changes with StatReloader
INFO 2024-04-15 00:44:42,387 basehttp 7760 7544 "GET /admin/blogapp/author/?q=&o=-1 HTTP/1.1" 200 16027
INFO 2024-04-15 00:44:54,903 autoreload 7760 16056 E:\GeekBrains\Учеба GeekBrains\3 quarter. Final\2. Django framework (Seminars)\GB_Django\Seminar5\myprojectseminar\blogapp\admin.py changed, reloading.
INFO 2024-04-15 00:44:55,848 autoreload 14764 10668 Watching for file changes with StatReloader
INFO 2024-04-15 00:44:56,116 basehttp 14764 3188 "GET /admin/blogapp/author/?q=&o=-1 HTTP/1.1" 200 16027
INFO 2024-04-15 00:44:56,152 basehttp 14764 3188 "GET /admin/jsi18n/ HTTP/1.1" 200 17546
INFO 2024-04-15 00:44:56,943 basehttp 14764 3188 "GET /admin/blogapp/author/3/change/?_changelist_filters=q%3D%26o%3D-1 HTTP/1.1" 200 12212
INFO 2024-04-15 00:44:56,976 basehttp 14764 3188 "GET /admin/jsi18n/ HTTP/1.1" 200 17546
INFO 2024-04-15 00:45:05,742 basehttp 14764 3188 "GET /admin/blogapp/author/?q=&o=-1 HTTP/1.1" 200 16027
INFO 2024-04-15 00:46:05,185 autoreload 14764 10668 E:\GeekBrains\Учеба GeekBrains\3 quarter. Final\2. Django framework (Seminars)\GB_Django\Seminar5\myprojectseminar\blogapp\admin.py changed, reloading.
INFO 2024-04-15 00:46:05,817 autoreload 15628 1552 Watching for file changes with StatReloader
INFO 2024-04-15 00:46:08,263 basehttp 15628 16920 "GET /admin/blogapp/author/?q=&o=-1 HTTP/1.1" 200 16027
INFO 2024-04-15 00:46:08,304 basehttp 15628 16920 "GET /admin/jsi18n/ HTTP/1.1" 200 17546
INFO 2024-04-15 00:46:09,387 basehttp 15628 16920 "GET /admin/blogapp/author/3/change/?_changelist_filters=q%3D%26o%3D-1 HTTP/1.1" 200 12182
INFO 2024-04-15 00:46:09,419 basehttp 15628 16920 "GET /admin/jsi18n/ HTTP/1.1" 200 17546
INFO 2024-04-15 00:50:37,018 autoreload 15628 1552 E:\GeekBrains\Учеба GeekBrains\3 quarter. Final\2. Django framework (Seminars)\GB_Django\Seminar5\myprojectseminar\blogapp\admin.py changed, reloading.
INFO 2024-04-15 00:50:37,782 autoreload 3880 1496 Watching for file changes with StatReloader
INFO 2024-04-15 00:50:43,840 basehttp 3880 1440 "GET /admin/blogapp/author/3/change/?_changelist_filters=q%3D%26o%3D-1 HTTP/1.1" 200 12182
INFO 2024-04-15 00:50:43,879 basehttp 3880 1440 "GET /admin/jsi18n/ HTTP/1.1" 200 17546
INFO 2024-04-15 00:50:47,328 basehttp 3880 1440 "GET /admin/blogapp/author/?q=&o=-1 HTTP/1.1" 200 16027
INFO 2024-04-15 00:50:49,854 basehttp 3880 1440 "GET /admin/blogapp/author/?q=&o=-1 HTTP/1.1" 200 16027
INFO 2024-04-15 00:50:49,884 basehttp 3880 1440 "GET /admin/jsi18n/ HTTP/1.1" 200 17546
INFO 2024-04-15 00:52:50,715 autoreload 3880 1496 E:\GeekBrains\Учеба GeekBrains\3 quarter. Final\2. Django framework (Seminars)\GB_Django\Seminar5\myprojectseminar\blogapp\admin.py changed, reloading.
INFO 2024-04-15 00:52:51,520 autoreload 15484 900 Watching for file changes with StatReloader
INFO 2024-04-15 00:56:35,052 autoreload 15484 900 E:\GeekBrains\Учеба GeekBrains\3 quarter. Final\2. Django framework (Seminars)\GB_Django\Seminar5\myprojectseminar\blogapp\admin.py changed, reloading.
INFO 2024-04-15 00:56:35,702 autoreload 17712 17716 Watching for file changes with StatReloader
INFO 2024-04-15 00:57:13,601 autoreload 17712 17716 E:\GeekBrains\Учеба GeekBrains\3 quarter. Final\2. Django framework (Seminars)\GB_Django\Seminar5\myprojectseminar\blogapp\admin.py changed, reloading.
INFO 2024-04-15 00:57:14,392 autoreload 17484 17480 Watching for file changes with StatReloader
INFO 2024-04-15 00:57:41,930 autoreload 17484 17480 E:\GeekBrains\Учеба GeekBrains\3 quarter. Final\2. Django framework (Seminars)\GB_Django\Seminar5\myprojectseminar\blogapp\admin.py changed, reloading.
INFO 2024-04-15 00:57:43,098 autoreload 17848 9688 Watching for file changes with StatReloader
INFO 2024-04-15 00:58:24,846 autoreload 17848 9688 E:\GeekBrains\Учеба GeekBrains\3 quarter. Final\2. Django framework (Seminars)\GB_Django\Seminar5\myprojectseminar\blogapp\admin.py changed, reloading.
INFO 2024-04-15 00:58:25,822 autoreload 14888 16584 Watching for file changes with StatReloader
INFO 2024-04-15 00:59:18,209 autoreload 14888 16584 E:\GeekBrains\Учеба GeekBrains\3 quarter. Final\2. Django framework (Seminars)\GB_Django\Seminar5\myprojectseminar\blogapp\admin.py changed, reloading.
INFO 2024-04-15 00:59:19,032 autoreload 10320 17520 Watching for file changes with StatReloader
INFO 2024-04-15 00:59:20,727 autoreload 10320 17520 E:\GeekBrains\Учеба GeekBrains\3 quarter. Final\2. Django framework (Seminars)\GB_Django\Seminar5\myprojectseminar\blogapp\admin.py changed, reloading.
INFO 2024-04-15 00:59:21,391 autoreload 17140 15204 Watching for file changes with StatReloader
INFO 2024-04-15 00:59:21,849 basehttp 17140 17588 "GET /admin/blogapp/author/?q=%D0%A2%D0%B0&o=-1 HTTP/1.1" 200 14185
INFO 2024-04-15 00:59:21,894 basehttp 17140 17588 "GET /admin/jsi18n/ HTTP/1.1" 200 17546
INFO 2024-04-15 00:59:29,314 basehttp 17140 17588 "GET /admin/blogapp/author/?q=&o=-1 HTTP/1.1" 200 16027
INFO 2024-04-15 00:59:29,354 basehttp 17140 17588 "GET /admin/jsi18n/ HTTP/1.1" 200 17546
INFO 2024-04-15 00:59:58,084 basehttp 17140 17588 "GET /admin/blogapp/author/3/change/?_changelist_filters=q%3D%26o%3D-1 HTTP/1.1" 200 12546
INFO 2024-04-15 00:59:58,122 basehttp 17140 17588 "GET /admin/jsi18n/ HTTP/1.1" 200 17546
INFO 2024-04-15 01:01:32,888 autoreload 17140 15204 E:\GeekBrains\Учеба GeekBrains\3 quarter. Final\2. Django framework (Seminars)\GB_Django\Seminar5\myprojectseminar\blogapp\admin.py changed, reloading.
INFO 2024-04-15 01:01:33,553 autoreload 7180 10048 Watching for file changes with StatReloader
INFO 2024-04-15 01:02:12,326 autoreload 7180 10048 E:\GeekBrains\Учеба GeekBrains\3 quarter. Final\2. Django framework (Seminars)\GB_Django\Seminar5\myprojectseminar\blogapp\admin.py changed, reloading.
INFO 2024-04-15 01:02:13,051 autoreload 16512 13560 Watching for file changes with StatReloader
INFO 2024-04-15 01:02:48,997 autoreload 16512 13560 E:\GeekBrains\Учеба GeekBrains\3 quarter. Final\2. Django framework (Seminars)\GB_Django\Seminar5\myprojectseminar\blogapp\admin.py changed, reloading.
INFO 2024-04-15 01:02:49,665 autoreload 17508 10612 Watching for file changes with StatReloader
INFO 2024-04-15 01:04:01,073 autoreload 17508 10612 E:\GeekBrains\Учеба GeekBrains\3 quarter. Final\2. Django framework (Seminars)\GB_Django\Seminar5\myprojectseminar\blogapp\admin.py changed, reloading.
INFO 2024-04-15 01:04:01,889 autoreload 468 17512 Watching for file changes with StatReloader
INFO 2024-04-15 01:04:48,764 autoreload 468 17512 E:\GeekBrains\Учеба GeekBrains\3 quarter. Final\2. Django framework (Seminars)\GB_Django\Seminar5\myprojectseminar\blogapp\admin.py changed, reloading.
INFO 2024-04-15 01:04:49,423 autoreload 18164 10648 Watching for file changes with StatReloader
INFO 2024-04-15 01:07:57,904 autoreload 18164 10648 E:\GeekBrains\Учеба GeekBrains\3 quarter. Final\2. Django framework (Seminars)\GB_Django\Seminar5\myprojectseminar\blogapp\admin.py changed, reloading.
INFO 2024-04-15 01:07:58,914 autoreload 16784 2568 Watching for file changes with StatReloader
INFO 2024-04-15 01:08:45,236 autoreload 16784 2568 E:\GeekBrains\Учеба GeekBrains\3 quarter. Final\2. Django framework (Seminars)\GB_Django\Seminar5\myprojectseminar\blogapp\admin.py changed, reloading.
INFO 2024-04-15 01:08:46,048 autoreload 11796 12264 Watching for file changes with StatReloader
INFO 2024-04-15 01:08:48,398 basehttp 11796 10048 "GET /admin/blogapp/author/3/change/?_changelist_filters=q%3D%26o%3D-1 HTTP/1.1" 200 12635
INFO 2024-04-15 01:08:48,465 basehttp 11796 10048 "GET /admin/jsi18n/ HTTP/1.1" 200 17546
INFO 2024-04-15 01:11:04,467 autoreload 11796 12264 E:\GeekBrains\Учеба GeekBrains\3 quarter. Final\2. Django framework (Seminars)\GB_Django\Seminar5\myprojectseminar\blogapp\admin.py changed, reloading.
INFO 2024-04-15 01:11:05,309 autoreload 15628 17144 Watching for file changes with StatReloader
INFO 2024-04-15 01:11:05,576 basehttp 15628 7920 "GET /admin/blogapp/author/3/change/?_changelist_filters=q%3D%26o%3D-1 HTTP/1.1" 200 12292
INFO 2024-04-15 01:11:05,620 basehttp 15628 7920 "GET /admin/jsi18n/ HTTP/1.1" 200 17546
INFO 2024-04-15 01:11:21,298 basehttp 15628 7920 "GET /admin/auth/group/ HTTP/1.1" 200 11117
INFO 2024-04-15 01:11:21,338 basehttp 15628 7920 "GET /admin/jsi18n/ HTTP/1.1" 200 17546
INFO 2024-04-15 01:11:27,876 basehttp 15628 7920 "GET /admin/blogapp/author/ HTTP/1.1" 200 15152
INFO 2024-04-15 01:11:27,913 basehttp 15628 7920 "GET /admin/jsi18n/ HTTP/1.1" 200 17546
INFO 2024-04-15 01:13:14,909 autoreload 15628 17144 E:\GeekBrains\Учеба GeekBrains\3 quarter. Final\2. Django framework (Seminars)\GB_Django\Seminar5\myprojectseminar\blogapp\admin.py changed, reloading.
INFO 2024-04-15 01:13:15,585 autoreload 18360 14456 Watching for file changes with StatReloader
INFO 2024-04-15 01:14:03,522 autoreload 18360 14456 E:\GeekBrains\Учеба GeekBrains\3 quarter. Final\2. Django framework (Seminars)\GB_Django\Seminar5\myprojectseminar\blogapp\admin.py changed, reloading.
INFO 2024-04-15 01:14:04,171 autoreload 4948 16968 Watching for file changes with StatReloader
INFO 2024-04-15 01:15:52,167 autoreload 4948 16968 E:\GeekBrains\Учеба GeekBrains\3 quarter. Final\2. Django framework (Seminars)\GB_Django\Seminar5\myprojectseminar\blogapp\admin.py changed, reloading.
INFO 2024-04-15 01:15:52,985 autoreload 17532 18156 Watching for file changes with StatReloader
INFO 2024-04-15 01:16:29,865 autoreload 17532 18156 E:\GeekBrains\Учеба GeekBrains\3 quarter. Final\2. Django framework (Seminars)\GB_Django\Seminar5\myprojectseminar\blogapp\admin.py changed, reloading.
INFO 2024-04-15 01:16:30,731 autoreload 14476 18392 Watching for file changes with StatReloader
INFO 2024-04-15 01:16:32,828 basehttp 14476 16724 "GET /admin/blogapp/author/ HTTP/1.1" 200 15228
INFO 2024-04-15 01:16:32,868 basehttp 14476 16724 "GET /admin/jsi18n/ HTTP/1.1" 200 17546
INFO 2024-04-15 01:16:47,882 basehttp 14476 16724 "POST /admin/blogapp/author/ HTTP/1.1" 302 0
INFO 2024-04-15 01:16:47,903 basehttp 14476 16724 "GET /admin/blogapp/author/ HTTP/1.1" 200 15193
INFO 2024-04-15 01:16:47,941 basehttp 14476 16724 "GET /admin/jsi18n/ HTTP/1.1" 200 17546
INFO 2024-04-15 01:32:11,684 basehttp 14476 18024 "POST /admin/logout/ HTTP/1.1" 200 3817
INFO 2024-04-15 01:32:12,782 basehttp 14476 18024 "GET /admin/ HTTP/1.1" 302 0
INFO 2024-04-15 01:32:12,794 basehttp 14476 18024 "GET /admin/login/?next=/admin/ HTTP/1.1" 200 4359
INFO 2024-04-15 01:32:22,299 basehttp 14476 18024 "POST /admin/login/?next=/admin/ HTTP/1.1" 200 4626
INFO 2024-04-15 01:32:30,627 basehttp 14476 18024 "POST /admin/login/?next=/admin/ HTTP/1.1" 302 0
INFO 2024-04-15 01:32:30,645 basehttp 14476 18024 "GET /admin/ HTTP/1.1" 200 11190
INFO 2024-04-15 01:35:10,622 autoreload 14476 18392 E:\GeekBrains\Учеба GeekBrains\3 quarter. Final\2. Django framework (Seminars)\GB_Django\Seminar5\myprojectseminar\myprojectseminar\settings.py changed, reloading.
INFO 2024-04-15 01:35:11,585 autoreload 15304 14260 Watching for file changes with StatReloader
INFO 2024-04-15 01:35:20,468 autoreload 15304 14260 E:\GeekBrains\Учеба GeekBrains\3 quarter. Final\2. Django framework (Seminars)\GB_Django\Seminar5\myprojectseminar\myprojectseminar\settings.py changed, reloading.
INFO 2024-04-15 01:35:21,177 autoreload 15656 17784 Watching for file changes with StatReloader
INFO 2024-04-15 01:35:40,881 basehttp 15656 5904 "GET /admin/ HTTP/1.1" 200 11190
INFO 2024-04-15 01:35:48,245 basehttp 15656 5904 "POST /admin/logout/ HTTP/1.1" 200 3817
INFO 2024-04-15 01:35:49,854 basehttp 15656 5904 "GET /admin/ HTTP/1.1" 302 0
INFO 2024-04-15 01:35:49,873 basehttp 15656 5904 "GET /admin/login/?next=/admin/ HTTP/1.1" 200 4359
INFO 2024-04-15 01:35:56,157 basehttp 15656 5904 "POST /admin/login/?next=/admin/ HTTP/1.1" 302 0
INFO 2024-04-15 01:35:56,170 basehttp 15656 5904 "GET /admin/ HTTP/1.1" 200 11190
INFO 2024-04-15 01:40:30,328 autoreload 15656 17784 E:\GeekBrains\Учеба GeekBrains\3 quarter. Final\2. Django framework (Seminars)\GB_Django\Seminar5\myprojectseminar\myprojectseminar\settings.py changed, reloading.
INFO 2024-04-15 01:40:31,342 autoreload 15564 3264 Watching for file changes with StatReloader
INFO 2024-04-15 01:40:31,624 basehttp 15564 16540 "GET /admin/gameapp/coin/ HTTP/1.1" 200 10399
INFO 2024-04-15 01:40:31,663 basehttp 15564 16540 "GET /admin/jsi18n/ HTTP/1.1" 200 17546
INFO 2024-04-15 01:40:34,152 basehttp 15564 16540 "GET /admin/gameapp/coin/2/change/ HTTP/1.1" 200 10739
INFO 2024-04-15 01:40:34,188 basehttp 15564 16540 "GET /admin/jsi18n/ HTTP/1.1" 200 17546
INFO 2024-04-15 01:40:37,104 basehttp 15564 16540 "GET /admin/gameapp/coin/ HTTP/1.1" 200 10399
INFO 2024-04-15 01:40:41,648 basehttp 15564 16540 "GET /admin/ HTTP/1.1" 200 11190
INFO 2024-04-15 01:42:12,704 basehttp 15564 16540 "GET /admin/ HTTP/1.1" 200 11190
INFO 2024-04-15 18:40:29,632 autoreload 13612 8212 Watching for file changes with StatReloader
INFO 2024-04-15 18:52:53,712 autoreload 2052 13880 Watching for file changes with StatReloader
INFO 2024-04-15 18:55:24,094 autoreload 12904 13048 Watching for file changes with StatReloader
INFO 2024-04-15 18:59:22,998 autoreload 13528 7268 Watching for file changes with StatReloader
WARNING 2024-04-15 18:59:45,745 log 13528 12300 Not Found: /
WARNING 2024-04-15 18:59:45,827 basehttp 13528 12300 "GET / HTTP/1.1" 404 12189
INFO 2024-04-15 18:59:46,138 basehttp 13528 12300 "GET /static/debug_toolbar/css/toolbar.css HTTP/1.1" 200 12621
INFO 2024-04-15 18:59:46,165 basehttp 13528 11892 "GET /static/debug_toolbar/js/toolbar.js HTTP/1.1" 200 13578
INFO 2024-04-15 18:59:47,068 basehttp 13528 11892 "GET /static/debug_toolbar/css/print.css HTTP/1.1" 200 43
INFO 2024-04-15 18:59:47,475 basehttp 13528 13464 "GET /static/debug_toolbar/js/utils.js HTTP/1.1" 200 4527
WARNING 2024-04-15 18:59:47,682 log 13528 13464 Not Found: /favicon.ico
WARNING 2024-04-15 18:59:47,682 basehttp 13528 13464 "GET /favicon.ico HTTP/1.1" 404 12250
INFO 2024-04-15 19:03:03,425 basehttp 13528 16264 "GET /game/ HTTP/1.1" 200 10543
INFO 2024-04-15 19:03:03,493 basehttp 13528 16264 "GET /static/debug_toolbar/css/toolbar.css HTTP/1.1" 304 0
INFO 2024-04-15 19:03:03,493 basehttp 13528 12328 "GET /static/debug_toolbar/js/toolbar.js HTTP/1.1" 304 0
INFO 2024-04-15 19:03:03,660 basehttp 13528 12328 "GET /static/debug_toolbar/css/print.css HTTP/1.1" 304 0
INFO 2024-04-15 19:03:03,871 basehttp 13528 12328 "GET /static/debug_toolbar/js/utils.js HTTP/1.1" 304 0
INFO 2024-04-15 19:04:55,460 basehttp 13528 12328 "GET /game/ HTTP/1.1" 200 10543
INFO 2024-04-15 19:04:55,479 basehttp 13528 12328 "GET /static/debug_toolbar/css/toolbar.css HTTP/1.1" 304 0
INFO 2024-04-15 19:04:55,483 basehttp 13528 12328 "GET /static/debug_toolbar/js/toolbar.js HTTP/1.1" 304 0
INFO 2024-04-15 19:04:55,540 basehttp 13528 12328 "GET /static/debug_toolbar/css/print.css HTTP/1.1" 304 0
INFO 2024-04-15 19:04:55,602 basehttp 13528 12328 "GET /static/debug_toolbar/js/utils.js HTTP/1.1" 304 0
INFO 2024-04-15 19:05:19,737 basehttp 13528 12328 "GET /game/ HTTP/1.1" 200 10543
WARNING 2024-04-15 19:05:29,297 log 13528 12328 Not Found: /game/index
WARNING 2024-04-15 19:05:29,298 basehttp 13528 12328 "GET /game/index HTTP/1.1" 404 13419
WARNING 2024-04-15 19:05:30,502 log 13528 12328 Not Found: /game/index
WARNING 2024-04-15 19:05:30,503 basehttp 13528 12328 "GET /game/index HTTP/1.1" 404 13419
INFO 2024-04-15 19:05:30,525 basehttp 13528 12328 "GET /static/debug_toolbar/css/toolbar.css HTTP/1.1" 304 0
INFO 2024-04-15 19:05:30,530 basehttp 13528 12328 "GET /static/debug_toolbar/js/toolbar.js HTTP/1.1" 304 0
INFO 2024-04-15 19:05:30,616 basehttp 13528 12328 "GET /static/debug_toolbar/css/print.css HTTP/1.1" 304 0
INFO 2024-04-15 19:05:30,741 basehttp 13528 12328 "GET /static/debug_toolbar/js/utils.js HTTP/1.1" 304 0
INFO 2024-04-15 19:07:36,697 basehttp 13528 12328 "GET /game/two_index HTTP/1.1" 200 10041
INFO 2024-04-15 19:07:36,772 basehttp 13528 12328 "GET /static/debug_toolbar/css/toolbar.css HTTP/1.1" 304 0
INFO 2024-04-15 19:07:36,772 basehttp 13528 16264 "GET /static/debug_toolbar/js/toolbar.js HTTP/1.1" 304 0
INFO 2024-04-15 19:07:36,949 basehttp 13528 16264 "GET /static/debug_toolbar/css/print.css HTTP/1.1" 304 0
INFO 2024-04-15 19:07:37,149 basehttp 13528 16264 "GET /static/debug_toolbar/js/utils.js HTTP/1.1" 304 0
WARNING 2024-04-15 19:08:14,988 log 13528 16264 Not Found: /game/coin/
WARNING 2024-04-15 19:08:14,989 basehttp 13528 16264 "GET /game/coin/ HTTP/1.1" 404 13419
WARNING 2024-04-15 19:08:15,955 log 13528 16264 Not Found: /game/coin/
WARNING 2024-04-15 19:08:15,955 basehttp 13528 16264 "GET /game/coin/ HTTP/1.1" 404 13419
INFO 2024-04-15 19:08:24,064 basehttp 13528 16264 "GET /game/coin/7 HTTP/1.1" 200 10120
INFO 2024-04-15 19:13:42,064 autoreload 13528 7268 E:\GeekBrains\Учеба GeekBrains\3 quarter. Final\2. Django framework (Seminars)\GB_Django\Seminar6\myprojectseminar\gameapp\views.py changed, reloading.
INFO 2024-04-15 19:13:43,252 autoreload 1284 1424 Watching for file changes with StatReloader
INFO 2024-04-15 19:14:12,159 autoreload 1284 1424 E:\GeekBrains\Учеба GeekBrains\3 quarter. Final\2. Django framework (Seminars)\GB_Django\Seminar6\myprojectseminar\gameapp\views.py changed, reloading.
INFO 2024-04-15 19:14:13,298 autoreload 11208 5204 Watching for file changes with StatReloader
WARNING 2024-04-15 19:14:16,832 log 11208 11932 Not Found: /
WARNING 2024-04-15 19:14:16,833 basehttp 11208 11932 "GET / HTTP/1.1" 404 12188
INFO 2024-04-15 19:14:16,857 basehttp 11208 11932 "GET /static/debug_toolbar/css/toolbar.css HTTP/1.1" 304 0
INFO 2024-04-15 19:14:16,860 basehttp 11208 11932 "GET /static/debug_toolbar/js/toolbar.js HTTP/1.1" 304 0
INFO 2024-04-15 19:14:16,947 basehttp 11208 11932 "GET /static/debug_toolbar/css/print.css HTTP/1.1" 304 0
INFO 2024-04-15 19:14:17,023 basehttp 11208 11932 "GET /static/debug_toolbar/js/utils.js HTTP/1.1" 304 0
INFO 2024-04-15 19:14:31,538 basehttp 11208 11932 "GET /game/ HTTP/1.1" 200 10524
INFO 2024-04-15 19:18:24,693 autoreload 11208 5204 E:\GeekBrains\Учеба GeekBrains\3 quarter. Final\2. Django framework (Seminars)\GB_Django\Seminar6\myprojectseminar\myprojectseminar\urls.py changed, reloading.
INFO 2024-04-15 19:18:25,930 autoreload 10212 10616 Watching for file changes with StatReloader
INFO 2024-04-15 19:26:12,419 autoreload 10212 10616 E:\GeekBrains\Учеба GeekBrains\3 quarter. Final\2. Django framework (Seminars)\GB_Django\Seminar6\myprojectseminar\gameapp\views.py changed, reloading.
INFO 2024-04-15 19:26:13,423 autoreload 15568 6324 Watching for file changes with StatReloader
INFO 2024-04-15 19:29:44,768 autoreload 15568 6324 E:\GeekBrains\Учеба GeekBrains\3 quarter. Final\2. Django framework (Seminars)\GB_Django\Seminar6\myprojectseminar\gameapp\views.py changed, reloading.
INFO 2024-04-15 19:29:45,571 autoreload 13164 16320 Watching for file changes with StatReloader
INFO 2024-04-15 19:29:50,806 basehttp 13164 6324 "GET / HTTP/1.1" 200 10519
INFO 2024-04-15 19:29:50,861 basehttp 13164 6324 "GET /static/debug_toolbar/css/toolbar.css HTTP/1.1" 304 0
INFO 2024-04-15 19:29:50,861 basehttp 13164 10212 "GET /static/debug_toolbar/js/toolbar.js HTTP/1.1" 304 0
INFO 2024-04-15 19:29:51,046 basehttp 13164 10212 "GET /static/debug_toolbar/css/print.css HTTP/1.1" 304 0
INFO 2024-04-15 19:29:51,265 basehttp 13164 10212 "GET /static/debug_toolbar/js/utils.js HTTP/1.1" 304 0
INFO 2024-04-15 19:29:54,641 basehttp 13164 10212 "GET / HTTP/1.1" 200 10519
INFO 2024-04-15 19:29:57,245 basehttp 13164 10212 "GET / HTTP/1.1" 200 10518
INFO 2024-04-15 19:31:00,459 autoreload 13164 16320 E:\GeekBrains\Учеба GeekBrains\3 quarter. Final\2. Django framework (Seminars)\GB_Django\Seminar6\myprojectseminar\gameapp\views.py changed, reloading.
INFO 2024-04-15 19:31:01,266 autoreload 4388 15384 Watching for file changes with StatReloader
INFO 2024-04-15 19:31:01,550 basehttp 4388 2692 "GET / HTTP/1.1" 200 10519
INFO 2024-04-15 19:31:02,424 basehttp 4388 2692 "GET / HTTP/1.1" 200 10519
INFO 2024-04-15 19:31:15,301 basehttp 4388 2692 "GET / HTTP/1.1" 200 10519
INFO 2024-04-15 19:31:15,585 basehttp 4388 2692 "GET / HTTP/1.1" 200 10519
INFO 2024-04-15 19:33:01,753 basehttp 4388 2692 "GET / HTTP/1.1" 200 10519
INFO 2024-04-15 19:33:01,770 basehttp 4388 2692 "GET /static/debug_toolbar/css/toolbar.css HTTP/1.1" 304 0
INFO 2024-04-15 19:33:01,773 basehttp 4388 2692 "GET /static/debug_toolbar/js/toolbar.js HTTP/1.1" 304 0
INFO 2024-04-15 19:33:01,834 basehttp 4388 2692 "GET /static/debug_toolbar/css/print.css HTTP/1.1" 304 0
INFO 2024-04-15 19:33:01,898 basehttp 4388 2692 "GET /static/debug_toolbar/js/utils.js HTTP/1.1" 304 0
INFO 2024-04-15 19:33:02,009 autoreload 4388 15384 E:\GeekBrains\Учеба GeekBrains\3 quarter. Final\2. Django framework (Seminars)\GB_Django\Seminar6\myprojectseminar\gameapp\urls.py changed, reloading.
INFO 2024-04-15 19:33:03,094 autoreload 15712 6584 Watching for file changes with StatReloader
INFO 2024-04-15 19:33:12,049 autoreload 15712 6584 E:\GeekBrains\Учеба GeekBrains\3 quarter. Final\2. Django framework (Seminars)\GB_Django\Seminar6\myprojectseminar\gameapp\urls.py changed, reloading.
INFO 2024-04-15 19:33:12,966 autoreload 1752 15576 Watching for file changes with StatReloader
INFO 2024-04-15 19:33:13,319 basehttp 1752 14956 "GET / HTTP/1.1" 200 10103
INFO 2024-04-15 19:33:53,771 autoreload 1752 15576 E:\GeekBrains\Учеба GeekBrains\3 quarter. Final\2. Django framework (Seminars)\GB_Django\Seminar6\myprojectseminar\gameapp\views.py changed, reloading.
INFO 2024-04-15 19:33:54,860 autoreload 14812 4160 Watching for file changes with StatReloader
INFO 2024-04-15 19:33:56,695 basehttp 14812 676 "GET / HTTP/1.1" 200 10114
INFO 2024-04-15 19:33:57,582 basehttp 14812 676 "GET / HTTP/1.1" 200 10114
INFO 2024-04-15 19:33:58,259 basehttp 14812 676 "GET / HTTP/1.1" 200 10114
INFO 2024-04-15 19:35:16,059 basehttp 14812 676 "GET / HTTP/1.1" 200 10114
INFO 2024-04-15 19:35:23,835 basehttp 14812 676 "GET / HTTP/1.1" 200 10122
INFO 2024-04-15 19:43:54,080 basehttp 14812 10420 "GET /__debug__/render_panel/?store_id=249c70211d194db4bd08b9b0300e0070&panel_id=HistoryPanel HTTP/1.1" 200 9041
INFO 2024-04-15 19:43:54,087 basehttp 14812 10420 "GET /static/debug_toolbar/js/history.js HTTP/1.1" 200 3515
INFO 2024-04-15 19:44:03,642 basehttp 14812 10420 "GET /__debug__/render_panel/?store_id=249c70211d194db4bd08b9b0300e0070&panel_id=VersionsPanel HTTP/1.1" 200 760
INFO 2024-04-15 19:44:19,830 basehttp 14812 10420 "GET /__debug__/render_panel/?store_id=249c70211d194db4bd08b9b0300e0070&panel_id=SettingsPanel HTTP/1.1" 200 27332
INFO 2024-04-15 19:44:37,356 basehttp 14812 10420 "GET /__debug__/render_panel/?store_id=249c70211d194db4bd08b9b0300e0070&panel_id=HeadersPanel HTTP/1.1" 200 5364
INFO 2024-04-15 19:45:18,005 basehttp 14812 10420 "GET /__debug__/render_panel/?store_id=249c70211d194db4bd08b9b0300e0070&panel_id=RequestPanel HTTP/1.1" 200 1779
INFO 2024-04-15 19:45:40,189 basehttp 14812 10420 "GET /__debug__/render_panel/?store_id=249c70211d194db4bd08b9b0300e0070&panel_id=SQLPanel HTTP/1.1" 200 428
INFO 2024-04-15 19:46:27,071 basehttp 14812 10420 "GET /__debug__/render_panel/?store_id=249c70211d194db4bd08b9b0300e0070&panel_id=StaticFilesPanel HTTP/1.1" 200 44171
INFO 2024-04-15 19:46:52,557 basehttp 14812 10420 "GET /__debug__/render_panel/?store_id=249c70211d194db4bd08b9b0300e0070&panel_id=TemplatesPanel HTTP/1.1" 200 5520
INFO 2024-04-15 19:47:14,009 basehttp 14812 10420 "GET /__debug__/render_panel/?store_id=249c70211d194db4bd08b9b0300e0070&panel_id=CachePanel HTTP/1.1" 200 1737
INFO 2024-04-15 19:47:17,338 basehttp 14812 10420 "GET /__debug__/render_panel/?store_id=249c70211d194db4bd08b9b0300e0070&panel_id=SignalsPanel HTTP/1.1" 200 2276
INFO 2024-04-15 19:48:42,634 basehttp 14812 10420 "GET /game/ HTTP/1.1" 200 10570
INFO 2024-04-15 19:48:42,705 basehttp 14812 10420 "GET /static/debug_toolbar/css/toolbar.css HTTP/1.1" 304 0
INFO 2024-04-15 19:48:42,706 basehttp 14812 5188 "GET /static/debug_toolbar/js/toolbar.js HTTP/1.1" 304 0
INFO 2024-04-15 19:48:42,896 basehttp 14812 5188 "GET /static/debug_toolbar/css/print.css HTTP/1.1" 304 0
INFO 2024-04-15 19:48:43,115 basehttp 14812 5188 "GET /static/debug_toolbar/js/utils.js HTTP/1.1" 304 0
WARNING 2024-04-15 19:48:46,120 log 14812 5188 Not Found: /game/coin/
WARNING 2024-04-15 19:48:46,121 basehttp 14812 5188 "GET /game/coin/ HTTP/1.1" 404 15442
WARNING 2024-04-15 19:48:53,220 log 14812 5188 Not Found: /game/coin/
WARNING 2024-04-15 19:48:53,221 basehttp 14812 5188 "GET /game/coin/ HTTP/1.1" 404 15442
INFO 2024-04-15 19:48:53,246 basehttp 14812 5188 "GET /static/debug_toolbar/css/toolbar.css HTTP/1.1" 304 0
INFO 2024-04-15 19:48:53,413 basehttp 14812 5188 "GET /static/debug_toolbar/css/print.css HTTP/1.1" 304 0
INFO 2024-04-15 19:49:05,988 basehttp 14812 5188 "GET /game/game_choice/ HTTP/1.1" 200 11052
INFO 2024-04-15 19:49:09,024 basehttp 14812 5188 "GET /__debug__/render_panel/?store_id=f8b31b2d0fca4085b4e43485ed8743ee&panel_id=ProfilingPanel HTTP/1.1" 200 37472
