INFO 2024-04-10 00:23:25,191 autoreload 14716 10932 Watching for file changes with StatReloader
WARNING 2024-04-10 00:23:30,981 log 14716 5400 Not Found: /
WARNING 2024-04-10 00:23:30,982 basehttp 14716 5400 "GET / HTTP/1.1" 404 2166
WARNING 2024-04-10 00:23:31,953 log 14716 5400 Not Found: /favicon.ico
WARNING 2024-04-10 00:23:31,953 basehttp 14716 5400 "GET /favicon.ico HTTP/1.1" 404 2217
INFO 2024-04-10 00:23:54,906 basehttp 14716 16828 "GET /shop/fake_db/ HTTP/1.1" 200 63
ERROR 2024-04-10 00:24:02,600 log 14716 16828 Internal Server Error: /shop/coi/
Traceback (most recent call last):
  File "E:\GeekBrains\Учеба GeekBrains\3 quarter. Final\2. Django framework (Seminars)\GB_Django\.venv\Lib\site-packages\django\core\handlers\exception.py", line 55, in inner
    response = get_response(request)
               ^^^^^^^^^^^^^^^^^^^^^
  File "E:\GeekBrains\Учеба GeekBrains\3 quarter. Final\2. Django framework (Seminars)\GB_Django\.venv\Lib\site-packages\django\core\handlers\base.py", line 197, in _get_response
    response = wrapped_callback(request, *callback_args, **callback_kwargs)
               ^^^^^^^^^^^^^^^^^^^^^^^^^^^^^^^^^^^^^^^^^^^^^^^^^^^^^^^^^^^^
  File "E:\GeekBrains\Учеба GeekBrains\3 quarter. Final\2. Django framework (Seminars)\GB_Django\Seminar3\HomeWork\shopapp\views.py", line 90, in customer_ordered_items
    ordered_items_last_year = get_ordered_items_within_period(customer, 365)
                              ^^^^^^^^^^^^^^^^^^^^^^^^^^^^^^^^^^^^^^^^^^^^^^
  File "E:\GeekBrains\Учеба GeekBrains\3 quarter. Final\2. Django framework (Seminars)\GB_Django\Seminar3\HomeWork\shopapp\views.py", line 104, in get_ordered_items_within_period
    ordered_items.update(order.items.all())
                         ^^^^^^^^^^^
AttributeError: 'Order' object has no attribute 'items'
ERROR 2024-04-10 00:24:02,603 basehttp 14716 16828 "GET /shop/coi/ HTTP/1.1" 500 73825
INFO 2024-04-10 00:26:42,701 basehttp 14716 1672 "GET /shop/fake_db/ HTTP/1.1" 200 63
ERROR 2024-04-10 00:26:56,053 log 14716 1672 Internal Server Error: /shop/coi/
Traceback (most recent call last):
  File "E:\GeekBrains\Учеба GeekBrains\3 quarter. Final\2. Django framework (Seminars)\GB_Django\.venv\Lib\site-packages\django\core\handlers\exception.py", line 55, in inner
    response = get_response(request)
               ^^^^^^^^^^^^^^^^^^^^^
  File "E:\GeekBrains\Учеба GeekBrains\3 quarter. Final\2. Django framework (Seminars)\GB_Django\.venv\Lib\site-packages\django\core\handlers\base.py", line 197, in _get_response
    response = wrapped_callback(request, *callback_args, **callback_kwargs)
               ^^^^^^^^^^^^^^^^^^^^^^^^^^^^^^^^^^^^^^^^^^^^^^^^^^^^^^^^^^^^
  File "E:\GeekBrains\Учеба GeekBrains\3 quarter. Final\2. Django framework (Seminars)\GB_Django\Seminar3\HomeWork\shopapp\views.py", line 90, in customer_ordered_items
    ordered_items_last_year = get_ordered_items_within_period(customer, 365)
                              ^^^^^^^^^^^^^^^^^^^^^^^^^^^^^^^^^^^^^^^^^^^^^^
  File "E:\GeekBrains\Учеба GeekBrains\3 quarter. Final\2. Django framework (Seminars)\GB_Django\Seminar3\HomeWork\shopapp\views.py", line 104, in get_ordered_items_within_period
    ordered_items.update(order.items.all())
                         ^^^^^^^^^^^
AttributeError: 'Order' object has no attribute 'items'
ERROR 2024-04-10 00:26:56,054 basehttp 14716 1672 "GET /shop/coi/ HTTP/1.1" 500 74305
INFO 2024-04-10 00:42:34,299 autoreload 14716 10932 E:\GeekBrains\Учеба GeekBrains\3 quarter. Final\2. Django framework (Seminars)\GB_Django\Seminar3\HomeWork\shopapp\views.py changed, reloading.
INFO 2024-04-10 00:42:35,095 autoreload 5252 9176 Watching for file changes with StatReloader
INFO 2024-04-10 00:43:05,715 autoreload 5252 9176 E:\GeekBrains\Учеба GeekBrains\3 quarter. Final\2. Django framework (Seminars)\GB_Django\Seminar3\HomeWork\shopapp\models.py changed, reloading.
INFO 2024-04-10 00:43:06,369 autoreload 6056 6348 Watching for file changes with StatReloader
INFO 2024-04-10 00:43:20,133 autoreload 6056 6348 E:\GeekBrains\Учеба GeekBrains\3 quarter. Final\2. Django framework (Seminars)\GB_Django\Seminar3\HomeWork\shopapp\models.py changed, reloading.
INFO 2024-04-10 00:43:20,830 autoreload 17176 16884 Watching for file changes with StatReloader
INFO 2024-04-10 00:44:09,199 autoreload 17176 16884 E:\GeekBrains\Учеба GeekBrains\3 quarter. Final\2. Django framework (Seminars)\GB_Django\Seminar3\HomeWork\shopapp\models.py changed, reloading.
INFO 2024-04-10 00:44:09,916 autoreload 17136 16044 Watching for file changes with StatReloader
ERROR 2024-04-10 00:44:10,954 log 17136 1720 Internal Server Error: /shop/coi/
Traceback (most recent call last):
  File "E:\GeekBrains\Учеба GeekBrains\3 quarter. Final\2. Django framework (Seminars)\GB_Django\.venv\Lib\site-packages\django\core\handlers\exception.py", line 55, in inner
    response = get_response(request)
               ^^^^^^^^^^^^^^^^^^^^^
  File "E:\GeekBrains\Учеба GeekBrains\3 quarter. Final\2. Django framework (Seminars)\GB_Django\.venv\Lib\site-packages\django\core\handlers\base.py", line 197, in _get_response
    response = wrapped_callback(request, *callback_args, **callback_kwargs)
               ^^^^^^^^^^^^^^^^^^^^^^^^^^^^^^^^^^^^^^^^^^^^^^^^^^^^^^^^^^^^
  File "E:\GeekBrains\Учеба GeekBrains\3 quarter. Final\2. Django framework (Seminars)\GB_Django\Seminar3\HomeWork\shopapp\views.py", line 91, in customer_ordered_items
    customer.ordered_items_last_week = ordered_items_last_week
    ^^^^^^^^^^^^^^^^^^^^^^^^^^^^^^^^
  File "E:\GeekBrains\Учеба GeekBrains\3 quarter. Final\2. Django framework (Seminars)\GB_Django\.venv\Lib\site-packages\django\db\models\fields\related_descriptors.py", line 659, in __set__
    raise TypeError(
TypeError: Direct assignment to the forward side of a many-to-many set is prohibited. Use ordered_items_last_week.set() instead.
ERROR 2024-04-10 00:44:10,956 basehttp 17136 1720 "GET /shop/coi/ HTTP/1.1" 500 74290
INFO 2024-04-10 00:49:56,731 autoreload 17136 16044 E:\GeekBrains\Учеба GeekBrains\3 quarter. Final\2. Django framework (Seminars)\GB_Django\Seminar3\HomeWork\shopapp\views.py changed, reloading.
INFO 2024-04-10 00:49:57,377 autoreload 16704 6280 Watching for file changes with StatReloader
ERROR 2024-04-10 00:50:00,805 log 16704 4940 Internal Server Error: /shop/coi/
Traceback (most recent call last):
  File "E:\GeekBrains\Учеба GeekBrains\3 quarter. Final\2. Django framework (Seminars)\GB_Django\.venv\Lib\site-packages\django\db\backends\utils.py", line 105, in _execute
    return self.cursor.execute(sql, params)
           ^^^^^^^^^^^^^^^^^^^^^^^^^^^^^^^^
  File "E:\GeekBrains\Учеба GeekBrains\3 quarter. Final\2. Django framework (Seminars)\GB_Django\.venv\Lib\site-packages\django\db\backends\sqlite3\base.py", line 329, in execute
    return super().execute(query, params)
           ^^^^^^^^^^^^^^^^^^^^^^^^^^^^^^
sqlite3.OperationalError: no such table: shopapp_customer_ordered_items_last_week

The above exception was the direct cause of the following exception:

Traceback (most recent call last):
  File "E:\GeekBrains\Учеба GeekBrains\3 quarter. Final\2. Django framework (Seminars)\GB_Django\.venv\Lib\site-packages\django\core\handlers\exception.py", line 55, in inner
    response = get_response(request)
               ^^^^^^^^^^^^^^^^^^^^^
  File "E:\GeekBrains\Учеба GeekBrains\3 quarter. Final\2. Django framework (Seminars)\GB_Django\.venv\Lib\site-packages\django\core\handlers\base.py", line 197, in _get_response
    response = wrapped_callback(request, *callback_args, **callback_kwargs)
               ^^^^^^^^^^^^^^^^^^^^^^^^^^^^^^^^^^^^^^^^^^^^^^^^^^^^^^^^^^^^
  File "E:\GeekBrains\Учеба GeekBrains\3 quarter. Final\2. Django framework (Seminars)\GB_Django\Seminar3\HomeWork\shopapp\views.py", line 92, in customer_ordered_items
    customer.ordered_items_last_week.set(ordered_items_last_week)
  File "E:\GeekBrains\Учеба GeekBrains\3 quarter. Final\2. Django framework (Seminars)\GB_Django\.venv\Lib\site-packages\django\db\models\fields\related_descriptors.py", line 1281, in set
    old_ids = set(
              ^^^^
  File "E:\GeekBrains\Учеба GeekBrains\3 quarter. Final\2. Django framework (Seminars)\GB_Django\.venv\Lib\site-packages\django\db\models\query.py", line 400, in __iter__
    self._fetch_all()
  File "E:\GeekBrains\Учеба GeekBrains\3 quarter. Final\2. Django framework (Seminars)\GB_Django\.venv\Lib\site-packages\django\db\models\query.py", line 1928, in _fetch_all
    self._result_cache = list(self._iterable_class(self))
                         ^^^^^^^^^^^^^^^^^^^^^^^^^^^^^^^^
  File "E:\GeekBrains\Учеба GeekBrains\3 quarter. Final\2. Django framework (Seminars)\GB_Django\.venv\Lib\site-packages\django\db\models\query.py", line 287, in __iter__
    for row in compiler.results_iter(
               ^^^^^^^^^^^^^^^^^^^^^^
  File "E:\GeekBrains\Учеба GeekBrains\3 quarter. Final\2. Django framework (Seminars)\GB_Django\.venv\Lib\site-packages\django\db\models\sql\compiler.py", line 1513, in results_iter
    results = self.execute_sql(
              ^^^^^^^^^^^^^^^^^
  File "E:\GeekBrains\Учеба GeekBrains\3 quarter. Final\2. Django framework (Seminars)\GB_Django\.venv\Lib\site-packages\django\db\models\sql\compiler.py", line 1562, in execute_sql
    cursor.execute(sql, params)
  File "E:\GeekBrains\Учеба GeekBrains\3 quarter. Final\2. Django framework (Seminars)\GB_Django\.venv\Lib\site-packages\django\db\backends\utils.py", line 122, in execute
    return super().execute(sql, params)
           ^^^^^^^^^^^^^^^^^^^^^^^^^^^^
  File "E:\GeekBrains\Учеба GeekBrains\3 quarter. Final\2. Django framework (Seminars)\GB_Django\.venv\Lib\site-packages\django\db\backends\utils.py", line 79, in execute
    return self._execute_with_wrappers(
           ^^^^^^^^^^^^^^^^^^^^^^^^^^^^
  File "E:\GeekBrains\Учеба GeekBrains\3 quarter. Final\2. Django framework (Seminars)\GB_Django\.venv\Lib\site-packages\django\db\backends\utils.py", line 92, in _execute_with_wrappers
    return executor(sql, params, many, context)
           ^^^^^^^^^^^^^^^^^^^^^^^^^^^^^^^^^^^^
  File "E:\GeekBrains\Учеба GeekBrains\3 quarter. Final\2. Django framework (Seminars)\GB_Django\.venv\Lib\site-packages\django\db\backends\utils.py", line 100, in _execute
    with self.db.wrap_database_errors:
  File "E:\GeekBrains\Учеба GeekBrains\3 quarter. Final\2. Django framework (Seminars)\GB_Django\.venv\Lib\site-packages\django\db\utils.py", line 91, in __exit__
    raise dj_exc_value.with_traceback(traceback) from exc_value
  File "E:\GeekBrains\Учеба GeekBrains\3 quarter. Final\2. Django framework (Seminars)\GB_Django\.venv\Lib\site-packages\django\db\backends\utils.py", line 105, in _execute
    return self.cursor.execute(sql, params)
           ^^^^^^^^^^^^^^^^^^^^^^^^^^^^^^^^
  File "E:\GeekBrains\Учеба GeekBrains\3 quarter. Final\2. Django framework (Seminars)\GB_Django\.venv\Lib\site-packages\django\db\backends\sqlite3\base.py", line 329, in execute
    return super().execute(query, params)
           ^^^^^^^^^^^^^^^^^^^^^^^^^^^^^^
django.db.utils.OperationalError: no such table: shopapp_customer_ordered_items_last_week
ERROR 2024-04-10 00:50:00,810 basehttp 16704 4940 "GET /shop/coi/ HTTP/1.1" 500 143067
INFO 2024-04-10 00:50:41,795 autoreload 9000 8532 Watching for file changes with StatReloader
ERROR 2024-04-10 00:50:43,699 log 9000 16280 Internal Server Error: /shop/coi/
Traceback (most recent call last):
  File "E:\GeekBrains\Учеба GeekBrains\3 quarter. Final\2. Django framework (Seminars)\GB_Django\.venv\Lib\site-packages\django\core\handlers\exception.py", line 55, in inner
    response = get_response(request)
               ^^^^^^^^^^^^^^^^^^^^^
  File "E:\GeekBrains\Учеба GeekBrains\3 quarter. Final\2. Django framework (Seminars)\GB_Django\.venv\Lib\site-packages\django\core\handlers\base.py", line 197, in _get_response
    response = wrapped_callback(request, *callback_args, **callback_kwargs)
               ^^^^^^^^^^^^^^^^^^^^^^^^^^^^^^^^^^^^^^^^^^^^^^^^^^^^^^^^^^^^
  File "E:\GeekBrains\Учеба GeekBrains\3 quarter. Final\2. Django framework (Seminars)\GB_Django\Seminar3\HomeWork\shopapp\views.py", line 96, in customer_ordered_items
    return render(request, 'ordered_items.html', {'customers': customers})
           ^^^^^^^^^^^^^^^^^^^^^^^^^^^^^^^^^^^^^^^^^^^^^^^^^^^^^^^^^^^^^^^
  File "E:\GeekBrains\Учеба GeekBrains\3 quarter. Final\2. Django framework (Seminars)\GB_Django\.venv\Lib\site-packages\django\shortcuts.py", line 25, in render
    content = loader.render_to_string(template_name, context, request, using=using)
              ^^^^^^^^^^^^^^^^^^^^^^^^^^^^^^^^^^^^^^^^^^^^^^^^^^^^^^^^^^^^^^^^^^^^^
  File "E:\GeekBrains\Учеба GeekBrains\3 quarter. Final\2. Django framework (Seminars)\GB_Django\.venv\Lib\site-packages\django\template\loader.py", line 61, in render_to_string
    template = get_template(template_name, using=using)
               ^^^^^^^^^^^^^^^^^^^^^^^^^^^^^^^^^^^^^^^^
  File "E:\GeekBrains\Учеба GeekBrains\3 quarter. Final\2. Django framework (Seminars)\GB_Django\.venv\Lib\site-packages\django\template\loader.py", line 19, in get_template
    raise TemplateDoesNotExist(template_name, chain=chain)
django.template.exceptions.TemplateDoesNotExist: ordered_items.html
ERROR 2024-04-10 00:50:43,702 basehttp 9000 16280 "GET /shop/coi/ HTTP/1.1" 500 83455
INFO 2024-04-10 00:52:00,662 autoreload 9000 8532 E:\GeekBrains\Учеба GeekBrains\3 quarter. Final\2. Django framework (Seminars)\GB_Django\Seminar3\HomeWork\shopapp\views.py changed, reloading.
INFO 2024-04-10 00:52:01,336 autoreload 17032 16916 Watching for file changes with StatReloader
INFO 2024-04-10 00:54:03,718 autoreload 17032 16916 E:\GeekBrains\Учеба GeekBrains\3 quarter. Final\2. Django framework (Seminars)\GB_Django\Seminar3\HomeWork\shopapp\views.py changed, reloading.
INFO 2024-04-10 00:54:04,431 autoreload 12784 11588 Watching for file changes with StatReloader
ERROR 2024-04-10 00:54:05,079 log 12784 11548 Internal Server Error: /shop/coi/
Traceback (most recent call last):
  File "E:\GeekBrains\Учеба GeekBrains\3 quarter. Final\2. Django framework (Seminars)\GB_Django\.venv\Lib\site-packages\django\core\handlers\exception.py", line 55, in inner
    response = get_response(request)
               ^^^^^^^^^^^^^^^^^^^^^
  File "E:\GeekBrains\Учеба GeekBrains\3 quarter. Final\2. Django framework (Seminars)\GB_Django\.venv\Lib\site-packages\django\core\handlers\base.py", line 197, in _get_response
    response = wrapped_callback(request, *callback_args, **callback_kwargs)
               ^^^^^^^^^^^^^^^^^^^^^^^^^^^^^^^^^^^^^^^^^^^^^^^^^^^^^^^^^^^^
  File "E:\GeekBrains\Учеба GeekBrains\3 quarter. Final\2. Django framework (Seminars)\GB_Django\Seminar3\HomeWork\shopapp\views.py", line 93, in customer_ordered_items
    return render(request, 'shopapp/ordered_items.html', {'customers': customers})
           ^^^^^^^^^^^^^^^^^^^^^^^^^^^^^^^^^^^^^^^^^^^^^^^^^^^^^^^^^^^^^^^^^^^^^^^
  File "E:\GeekBrains\Учеба GeekBrains\3 quarter. Final\2. Django framework (Seminars)\GB_Django\.venv\Lib\site-packages\django\shortcuts.py", line 25, in render
    content = loader.render_to_string(template_name, context, request, using=using)
              ^^^^^^^^^^^^^^^^^^^^^^^^^^^^^^^^^^^^^^^^^^^^^^^^^^^^^^^^^^^^^^^^^^^^^
  File "E:\GeekBrains\Учеба GeekBrains\3 quarter. Final\2. Django framework (Seminars)\GB_Django\.venv\Lib\site-packages\django\template\loader.py", line 61, in render_to_string
    template = get_template(template_name, using=using)
               ^^^^^^^^^^^^^^^^^^^^^^^^^^^^^^^^^^^^^^^^
  File "E:\GeekBrains\Учеба GeekBrains\3 quarter. Final\2. Django framework (Seminars)\GB_Django\.venv\Lib\site-packages\django\template\loader.py", line 19, in get_template
    raise TemplateDoesNotExist(template_name, chain=chain)
django.template.exceptions.TemplateDoesNotExist: shopapp/ordered_items.html
ERROR 2024-04-10 00:54:05,081 basehttp 12784 11548 "GET /shop/coi/ HTTP/1.1" 500 83583
INFO 2024-04-10 00:59:02,163 autoreload 12784 11588 E:\GeekBrains\Учеба GeekBrains\3 quarter. Final\2. Django framework (Seminars)\GB_Django\Seminar3\HomeWork\HomeWork\settings.py changed, reloading.
INFO 2024-04-10 00:59:02,802 autoreload 16712 11136 Watching for file changes with StatReloader
INFO 2024-04-10 01:03:26,149 autoreload 16712 11136 E:\GeekBrains\Учеба GeekBrains\3 quarter. Final\2. Django framework (Seminars)\GB_Django\Seminar3\HomeWork\shopapp\views.py changed, reloading.
INFO 2024-04-10 01:03:26,834 autoreload 16496 7336 Watching for file changes with StatReloader
INFO 2024-04-10 01:05:29,623 autoreload 16496 7336 E:\GeekBrains\Учеба GeekBrains\3 quarter. Final\2. Django framework (Seminars)\GB_Django\Seminar3\HomeWork\shopapp\views.py changed, reloading.
INFO 2024-04-10 01:05:30,272 autoreload 17284 5568 Watching for file changes with StatReloader
ERROR 2024-04-10 01:05:33,322 log 17284 10180 Internal Server Error: /shop/coi/
Traceback (most recent call last):
  File "E:\GeekBrains\Учеба GeekBrains\3 quarter. Final\2. Django framework (Seminars)\GB_Django\.venv\Lib\site-packages\django\core\handlers\exception.py", line 55, in inner
    response = get_response(request)
               ^^^^^^^^^^^^^^^^^^^^^
  File "E:\GeekBrains\Учеба GeekBrains\3 quarter. Final\2. Django framework (Seminars)\GB_Django\.venv\Lib\site-packages\django\core\handlers\base.py", line 197, in _get_response
    response = wrapped_callback(request, *callback_args, **callback_kwargs)
               ^^^^^^^^^^^^^^^^^^^^^^^^^^^^^^^^^^^^^^^^^^^^^^^^^^^^^^^^^^^^
  File "E:\GeekBrains\Учеба GeekBrains\3 quarter. Final\2. Django framework (Seminars)\GB_Django\Seminar3\HomeWork\shopapp\views.py", line 49, in customer_ordered_items
    return render(request, 'shopapp/ordered_items.html', {'customers': customers})
           ^^^^^^^^^^^^^^^^^^^^^^^^^^^^^^^^^^^^^^^^^^^^^^^^^^^^^^^^^^^^^^^^^^^^^^^
  File "E:\GeekBrains\Учеба GeekBrains\3 quarter. Final\2. Django framework (Seminars)\GB_Django\.venv\Lib\site-packages\django\shortcuts.py", line 25, in render
    content = loader.render_to_string(template_name, context, request, using=using)
              ^^^^^^^^^^^^^^^^^^^^^^^^^^^^^^^^^^^^^^^^^^^^^^^^^^^^^^^^^^^^^^^^^^^^^
  File "E:\GeekBrains\Учеба GeekBrains\3 quarter. Final\2. Django framework (Seminars)\GB_Django\.venv\Lib\site-packages\django\template\loader.py", line 61, in render_to_string
    template = get_template(template_name, using=using)
               ^^^^^^^^^^^^^^^^^^^^^^^^^^^^^^^^^^^^^^^^
  File "E:\GeekBrains\Учеба GeekBrains\3 quarter. Final\2. Django framework (Seminars)\GB_Django\.venv\Lib\site-packages\django\template\loader.py", line 19, in get_template
    raise TemplateDoesNotExist(template_name, chain=chain)
django.template.exceptions.TemplateDoesNotExist: shopapp/ordered_items.html
ERROR 2024-04-10 01:05:33,325 basehttp 17284 10180 "GET /shop/coi/ HTTP/1.1" 500 83682
INFO 2024-04-10 01:06:25,043 autoreload 17080 8144 Watching for file changes with StatReloader
ERROR 2024-04-10 01:06:28,574 log 17080 16620 Internal Server Error: /shop/coi/
Traceback (most recent call last):
  File "E:\GeekBrains\Учеба GeekBrains\3 quarter. Final\2. Django framework (Seminars)\GB_Django\.venv\Lib\site-packages\django\core\handlers\exception.py", line 55, in inner
    response = get_response(request)
               ^^^^^^^^^^^^^^^^^^^^^
  File "E:\GeekBrains\Учеба GeekBrains\3 quarter. Final\2. Django framework (Seminars)\GB_Django\.venv\Lib\site-packages\django\core\handlers\base.py", line 197, in _get_response
    response = wrapped_callback(request, *callback_args, **callback_kwargs)
               ^^^^^^^^^^^^^^^^^^^^^^^^^^^^^^^^^^^^^^^^^^^^^^^^^^^^^^^^^^^^
  File "E:\GeekBrains\Учеба GeekBrains\3 quarter. Final\2. Django framework (Seminars)\GB_Django\Seminar3\HomeWork\shopapp\views.py", line 49, in customer_ordered_items
    return render(request, 'shopapp/ordered_items.html', {'customers': customers})
           ^^^^^^^^^^^^^^^^^^^^^^^^^^^^^^^^^^^^^^^^^^^^^^^^^^^^^^^^^^^^^^^^^^^^^^^
  File "E:\GeekBrains\Учеба GeekBrains\3 quarter. Final\2. Django framework (Seminars)\GB_Django\.venv\Lib\site-packages\django\shortcuts.py", line 25, in render
    content = loader.render_to_string(template_name, context, request, using=using)
              ^^^^^^^^^^^^^^^^^^^^^^^^^^^^^^^^^^^^^^^^^^^^^^^^^^^^^^^^^^^^^^^^^^^^^
  File "E:\GeekBrains\Учеба GeekBrains\3 quarter. Final\2. Django framework (Seminars)\GB_Django\.venv\Lib\site-packages\django\template\loader.py", line 61, in render_to_string
    template = get_template(template_name, using=using)
               ^^^^^^^^^^^^^^^^^^^^^^^^^^^^^^^^^^^^^^^^
  File "E:\GeekBrains\Учеба GeekBrains\3 quarter. Final\2. Django framework (Seminars)\GB_Django\.venv\Lib\site-packages\django\template\loader.py", line 19, in get_template
    raise TemplateDoesNotExist(template_name, chain=chain)
django.template.exceptions.TemplateDoesNotExist: shopapp/ordered_items.html
ERROR 2024-04-10 01:06:28,576 basehttp 17080 16620 "GET /shop/coi/ HTTP/1.1" 500 83682
INFO 2024-04-10 01:09:08,589 autoreload 17080 8144 E:\GeekBrains\Учеба GeekBrains\3 quarter. Final\2. Django framework (Seminars)\GB_Django\Seminar3\HomeWork\HomeWork\settings.py changed, reloading.
INFO 2024-04-10 01:09:09,279 autoreload 17088 6808 Watching for file changes with StatReloader
ERROR 2024-04-10 01:09:14,860 log 17088 4728 Internal Server Error: /shop/coi/
Traceback (most recent call last):
  File "E:\GeekBrains\Учеба GeekBrains\3 quarter. Final\2. Django framework (Seminars)\GB_Django\.venv\Lib\site-packages\django\core\handlers\exception.py", line 55, in inner
    response = get_response(request)
               ^^^^^^^^^^^^^^^^^^^^^
  File "E:\GeekBrains\Учеба GeekBrains\3 quarter. Final\2. Django framework (Seminars)\GB_Django\.venv\Lib\site-packages\django\core\handlers\base.py", line 197, in _get_response
    response = wrapped_callback(request, *callback_args, **callback_kwargs)
               ^^^^^^^^^^^^^^^^^^^^^^^^^^^^^^^^^^^^^^^^^^^^^^^^^^^^^^^^^^^^
  File "E:\GeekBrains\Учеба GeekBrains\3 quarter. Final\2. Django framework (Seminars)\GB_Django\Seminar3\HomeWork\shopapp\views.py", line 49, in customer_ordered_items
    return render(request, 'shopapp/ordered_items.html', {'customers': customers})
           ^^^^^^^^^^^^^^^^^^^^^^^^^^^^^^^^^^^^^^^^^^^^^^^^^^^^^^^^^^^^^^^^^^^^^^^
  File "E:\GeekBrains\Учеба GeekBrains\3 quarter. Final\2. Django framework (Seminars)\GB_Django\.venv\Lib\site-packages\django\shortcuts.py", line 25, in render
    content = loader.render_to_string(template_name, context, request, using=using)
              ^^^^^^^^^^^^^^^^^^^^^^^^^^^^^^^^^^^^^^^^^^^^^^^^^^^^^^^^^^^^^^^^^^^^^
  File "E:\GeekBrains\Учеба GeekBrains\3 quarter. Final\2. Django framework (Seminars)\GB_Django\.venv\Lib\site-packages\django\template\loader.py", line 61, in render_to_string
    template = get_template(template_name, using=using)
               ^^^^^^^^^^^^^^^^^^^^^^^^^^^^^^^^^^^^^^^^
  File "E:\GeekBrains\Учеба GeekBrains\3 quarter. Final\2. Django framework (Seminars)\GB_Django\.venv\Lib\site-packages\django\template\loader.py", line 19, in get_template
    raise TemplateDoesNotExist(template_name, chain=chain)
django.template.exceptions.TemplateDoesNotExist: shopapp/ordered_items.html
ERROR 2024-04-10 01:09:14,862 basehttp 17088 4728 "GET /shop/coi/ HTTP/1.1" 500 84352
INFO 2024-04-10 01:10:32,573 autoreload 17088 6808 E:\GeekBrains\Учеба GeekBrains\3 quarter. Final\2. Django framework (Seminars)\GB_Django\Seminar3\HomeWork\HomeWork\settings.py changed, reloading.
INFO 2024-04-10 01:10:33,210 autoreload 5400 6728 Watching for file changes with StatReloader
INFO 2024-04-10 01:10:35,190 basehttp 5400 15648 "GET /shop/coi/ HTTP/1.1" 200 1
INFO 2024-04-10 01:46:08,711 autoreload 5400 6728 E:\GeekBrains\Учеба GeekBrains\3 quarter. Final\2. Django framework (Seminars)\GB_Django\Seminar3\HomeWork\shopapp\urls.py changed, reloading.
INFO 2024-04-10 01:46:09,440 autoreload 1272 8220 Watching for file changes with StatReloader
INFO 2024-04-10 01:46:32,840 autoreload 1272 8220 E:\GeekBrains\Учеба GeekBrains\3 quarter. Final\2. Django framework (Seminars)\GB_Django\Seminar3\HomeWork\shopapp\views.py changed, reloading.
INFO 2024-04-10 01:46:33,471 autoreload 16548 2684 Watching for file changes with StatReloader
INFO 2024-04-10 01:46:43,373 basehttp 16548 8840 "GET /shop/coi/7 HTTP/1.1" 200 1
INFO 2024-04-10 01:52:20,087 autoreload 16548 2684 E:\GeekBrains\Учеба GeekBrains\3 quarter. Final\2. Django framework (Seminars)\GB_Django\Seminar3\HomeWork\shopapp\urls.py changed, reloading.
INFO 2024-04-10 01:52:20,866 autoreload 15600 9112 Watching for file changes with StatReloader
INFO 2024-04-10 01:52:20,969 basehttp 15600 17044 "GET /shop/coi/7 HTTP/1.1" 200 166
INFO 2024-04-10 01:54:52,911 basehttp 15600 17044 "GET /shop/coi/7 HTTP/1.1" 200 163
INFO 2024-04-10 01:56:44,759 autoreload 15600 9112 E:\GeekBrains\Учеба GeekBrains\3 quarter. Final\2. Django framework (Seminars)\GB_Django\Seminar3\HomeWork\shopapp\urls.py changed, reloading.
INFO 2024-04-10 01:56:45,408 autoreload 8952 4804 Watching for file changes with StatReloader
INFO 2024-04-10 01:56:47,180 basehttp 8952 15312 "GET /shop/ordered_items/7 HTTP/1.1" 200 167
INFO 2024-04-10 01:57:57,454 basehttp 8952 15312 "GET /shop/ordered_items/7 HTTP/1.1" 200 167
INFO 2024-04-10 01:57:59,433 basehttp 8952 15312 "GET /shop/ordered_items/7 HTTP/1.1" 200 130
INFO 2024-04-10 01:58:20,927 basehttp 8952 15312 "GET /shop/ HTTP/1.1" 200 1637
INFO 2024-04-10 01:58:33,829 basehttp 8952 15312 "GET /shop/fake_db HTTP/1.1" 301 0
INFO 2024-04-10 01:58:34,749 basehttp 8952 11840 "GET /shop/fake_db/ HTTP/1.1" 200 63
INFO 2024-04-10 01:58:54,227 basehttp 8952 11840 "GET /shop/ordered_items/30 HTTP/1.1" 200 130
INFO 2024-04-10 02:03:50,554 basehttp 8952 11840 "GET /shop/ordered_items/30 HTTP/1.1" 200 2048
INFO 2024-04-10 02:04:01,224 basehttp 8952 11840 "GET /shop/ordered_items/7 HTTP/1.1" 200 1968
INFO 2024-04-10 02:05:43,175 basehttp 8952 11840 "GET /shop/ordered_items/7 HTTP/1.1" 200 2342
WARNING 2024-04-10 02:11:03,890 log 8952 17832 Not Found: /
WARNING 2024-04-10 02:11:03,890 basehttp 8952 17832 "GET / HTTP/1.1" 404 2166
WARNING 2024-04-10 02:11:04,429 log 8952 17832 Not Found: /favicon.ico
WARNING 2024-04-10 02:11:04,430 basehttp 8952 17832 "GET /favicon.ico HTTP/1.1" 404 2217
INFO 2024-04-10 02:11:24,895 basehttp 8952 17832 "GET /shop/ordered_items/7 HTTP/1.1" 200 2314
INFO 2024-04-10 02:15:22,174 autoreload 8952 4804 E:\GeekBrains\Учеба GeekBrains\3 quarter. Final\2. Django framework (Seminars)\GB_Django\Seminar3\HomeWork\shopapp\views.py changed, reloading.
INFO 2024-04-10 02:15:22,828 autoreload 4536 17972 Watching for file changes with StatReloader
INFO 2024-04-10 02:23:03,143 autoreload 4536 17972 E:\GeekBrains\Учеба GeekBrains\3 quarter. Final\2. Django framework (Seminars)\GB_Django\Seminar3\HomeWork\shopapp\views.py changed, reloading.
INFO 2024-04-10 02:23:03,794 autoreload 18420 3044 Watching for file changes with StatReloader
INFO 2024-04-10 02:23:20,445 basehttp 18420 5552 "GET /shop/fake_db/ HTTP/1.1" 200 63
INFO 2024-04-10 02:23:39,405 basehttp 18420 5552 "GET /shop/ordered_items/7 HTTP/1.1" 200 4404
INFO 2024-04-10 02:24:08,282 autoreload 9640 4876 Watching for file changes with StatReloader
INFO 2024-04-10 02:24:10,292 basehttp 9640 8900 "GET /shop/ordered_items/7 HTTP/1.1" 200 4404
INFO 2024-04-10 02:31:10,205 autoreload 9640 4876 E:\GeekBrains\Учеба GeekBrains\3 quarter. Final\2. Django framework (Seminars)\GB_Django\Seminar3\HomeWork\shopapp\views.py changed, reloading.
INFO 2024-04-10 02:31:10,856 autoreload 15388 17248 Watching for file changes with StatReloader
INFO 2024-04-10 02:31:22,227 basehttp 15388 17936 "GET /shop/fake_db/ HTTP/1.1" 200 63
INFO 2024-04-10 02:31:32,628 basehttp 15388 17936 "GET /shop/ordered_items/7 HTTP/1.1" 200 6494
INFO 2024-04-10 02:34:10,407 basehttp 15388 17936 "GET /shop/ordered_items/365 HTTP/1.1" 200 13412
INFO 2024-04-10 02:41:23,409 autoreload 15388 17248 E:\GeekBrains\Учеба GeekBrains\3 quarter. Final\2. Django framework (Seminars)\GB_Django\Seminar3\HomeWork\shopapp\views.py changed, reloading.
INFO 2024-04-10 02:41:24,119 autoreload 17488 14748 Watching for file changes with StatReloader
INFO 2024-04-10 02:41:27,013 basehttp 17488 17748 "GET /shop/ordered_items/365 HTTP/1.1" 200 13412
INFO 2024-04-10 02:41:36,486 basehttp 17488 17748 "GET /shop/fake_db/ HTTP/1.1" 200 63
INFO 2024-04-10 02:41:42,335 basehttp 17488 17748 "GET /shop/ordered_items/7 HTTP/1.1" 200 8724
INFO 2024-04-10 02:41:51,948 basehttp 17488 17748 "GET /shop/ordered_items/7 HTTP/1.1" 200 8724
INFO 2024-04-10 02:41:52,797 basehttp 17488 17748 "GET /shop/ordered_items/7 HTTP/1.1" 200 8724
INFO 2024-04-10 02:42:47,432 basehttp 17488 17748 "GET /shop/ordered_items/30 HTTP/1.1" 200 9254
INFO 2024-04-10 02:45:28,718 basehttp 17488 17748 "GET /shop/ordered_items/30 HTTP/1.1" 200 9254
INFO 2024-04-10 02:45:28,814 autoreload 17488 14748 E:\GeekBrains\Учеба GeekBrains\3 quarter. Final\2. Django framework (Seminars)\GB_Django\Seminar3\HomeWork\shopapp\views.py changed, reloading.
INFO 2024-04-10 02:45:29,495 autoreload 17256 15492 Watching for file changes with StatReloader
INFO 2024-04-10 02:45:32,457 basehttp 17256 6736 "GET /shop/ordered_items/30 HTTP/1.1" 200 9254
INFO 2024-04-10 02:45:44,198 basehttp 17256 6736 "GET /shop/ordered_items/7 HTTP/1.1" 200 8724
INFO 2024-04-10 02:47:12,711 basehttp 17256 6736 "GET /shop/fake_db/ HTTP/1.1" 200 2606
INFO 2024-04-10 02:50:32,437 autoreload 17256 15492 E:\GeekBrains\Учеба GeekBrains\3 quarter. Final\2. Django framework (Seminars)\GB_Django\Seminar3\HomeWork\shopapp\views.py changed, reloading.
INFO 2024-04-10 02:50:33,112 autoreload 17848 15668 Watching for file changes with StatReloader
INFO 2024-04-10 02:52:36,402 autoreload 17848 15668 E:\GeekBrains\Учеба GeekBrains\3 quarter. Final\2. Django framework (Seminars)\GB_Django\Seminar3\HomeWork\shopapp\views.py changed, reloading.
INFO 2024-04-10 02:52:37,015 autoreload 15960 18424 Watching for file changes with StatReloader
INFO 2024-04-10 02:56:33,031 autoreload 15960 18424 E:\GeekBrains\Учеба GeekBrains\3 quarter. Final\2. Django framework (Seminars)\GB_Django\Seminar3\HomeWork\shopapp\views.py changed, reloading.
INFO 2024-04-10 02:56:33,645 autoreload 15048 17792 Watching for file changes with StatReloader
INFO 2024-04-10 02:56:37,636 basehttp 15048 13048 "GET /shop/fake_db/ HTTP/1.1" 200 63
INFO 2024-04-10 02:56:43,627 basehttp 15048 13048 "GET /shop/fake_db/ HTTP/1.1" 200 63
INFO 2024-04-10 02:56:43,972 basehttp 15048 13048 "GET /shop/ordered_items/7 HTTP/1.1" 200 29
INFO 2024-04-10 02:57:10,209 basehttp 15048 13048 "GET /shop/ordered_items/6 HTTP/1.1" 200 29
INFO 2024-04-10 02:57:15,246 basehttp 15048 13048 "GET /shop/ordered_items/30 HTTP/1.1" 200 29
INFO 2024-04-10 02:57:19,472 basehttp 15048 13048 "GET /shop/ordered_items/365 HTTP/1.1" 200 29
WARNING 2024-04-10 02:59:17,170 log 15048 13048 Not Found: /shop/ordered_items/last_week
WARNING 2024-04-10 02:59:17,171 basehttp 15048 13048 "GET /shop/ordered_items/last_week HTTP/1.1" 404 2728
INFO 2024-04-10 02:59:22,277 basehttp 15048 13048 "GET /shop/ordered_items/7 HTTP/1.1" 200 29
INFO 2024-04-10 03:03:03,377 autoreload 15048 17792 E:\GeekBrains\Учеба GeekBrains\3 quarter. Final\2. Django framework (Seminars)\GB_Django\Seminar3\HomeWork\shopapp\views.py changed, reloading.
INFO 2024-04-10 03:03:04,063 autoreload 17584 17496 Watching for file changes with StatReloader
INFO 2024-04-10 03:03:06,823 basehttp 17584 812 "GET /shop/ordered_items/7 HTTP/1.1" 200 224
INFO 2024-04-10 03:03:23,804 basehttp 17584 812 "GET /shop/ordered_items/30 HTTP/1.1" 200 224
INFO 2024-04-10 03:03:31,282 basehttp 17584 812 "GET /shop/ordered_items/365 HTTP/1.1" 200 224
INFO 2024-04-10 03:03:44,882 autoreload 17584 17496 E:\GeekBrains\Учеба GeekBrains\3 quarter. Final\2. Django framework (Seminars)\GB_Django\Seminar3\HomeWork\shopapp\views.py changed, reloading.
INFO 2024-04-10 03:03:45,578 autoreload 17732 18412 Watching for file changes with StatReloader
INFO 2024-04-10 03:04:12,803 basehttp 17732 17852 "GET /shop/ordered_items/365 HTTP/1.1" 200 29285
INFO 2024-04-10 03:04:17,180 basehttp 17732 17852 "GET /shop/ordered_items/30 HTTP/1.1" 200 15694
INFO 2024-04-10 03:04:25,607 basehttp 17732 17852 "GET /shop/ordered_items/7 HTTP/1.1" 200 14994
INFO 2024-04-10 03:06:42,240 basehttp 17732 17852 "GET /shop/ordered_items/7 HTTP/1.1" 200 14994
INFO 2024-04-10 03:06:46,114 basehttp 17732 17852 "GET /shop/ordered_items/7 HTTP/1.1" 200 519
INFO 2024-04-10 03:06:54,774 basehttp 17732 17852 "GET /shop/ordered_items/30 HTTP/1.1" 200 519
INFO 2024-04-10 03:06:58,727 basehttp 17732 17852 "GET /shop/ordered_items/365 HTTP/1.1" 200 519
ERROR 2024-04-10 03:08:05,337 log 17732 17852 Internal Server Error: /shop/ordered_items/365
Traceback (most recent call last):
  File "E:\GeekBrains\Учеба GeekBrains\3 quarter. Final\2. Django framework (Seminars)\GB_Django\.venv\Lib\site-packages\django\core\handlers\exception.py", line 55, in inner
    response = get_response(request)
               ^^^^^^^^^^^^^^^^^^^^^
  File "E:\GeekBrains\Учеба GeekBrains\3 quarter. Final\2. Django framework (Seminars)\GB_Django\.venv\Lib\site-packages\django\core\handlers\base.py", line 197, in _get_response
    response = wrapped_callback(request, *callback_args, **callback_kwargs)
               ^^^^^^^^^^^^^^^^^^^^^^^^^^^^^^^^^^^^^^^^^^^^^^^^^^^^^^^^^^^^
  File "E:\GeekBrains\Учеба GeekBrains\3 quarter. Final\2. Django framework (Seminars)\GB_Django\Seminar3\HomeWork\shopapp\views.py", line 67, in customer_ordered_items
    return render(request, 'shopapp/ordered_items.html', context)
           ^^^^^^^^^^^^^^^^^^^^^^^^^^^^^^^^^^^^^^^^^^^^^^^^^^^^^^
  File "E:\GeekBrains\Учеба GeekBrains\3 quarter. Final\2. Django framework (Seminars)\GB_Django\.venv\Lib\site-packages\django\shortcuts.py", line 25, in render
    content = loader.render_to_string(template_name, context, request, using=using)
              ^^^^^^^^^^^^^^^^^^^^^^^^^^^^^^^^^^^^^^^^^^^^^^^^^^^^^^^^^^^^^^^^^^^^^
  File "E:\GeekBrains\Учеба GeekBrains\3 quarter. Final\2. Django framework (Seminars)\GB_Django\.venv\Lib\site-packages\django\template\loader.py", line 61, in render_to_string
    template = get_template(template_name, using=using)
               ^^^^^^^^^^^^^^^^^^^^^^^^^^^^^^^^^^^^^^^^
  File "E:\GeekBrains\Учеба GeekBrains\3 quarter. Final\2. Django framework (Seminars)\GB_Django\.venv\Lib\site-packages\django\template\loader.py", line 15, in get_template
    return engine.get_template(template_name)
           ^^^^^^^^^^^^^^^^^^^^^^^^^^^^^^^^^^
  File "E:\GeekBrains\Учеба GeekBrains\3 quarter. Final\2. Django framework (Seminars)\GB_Django\.venv\Lib\site-packages\django\template\backends\django.py", line 33, in get_template
    return Template(self.engine.get_template(template_name), self)
                    ^^^^^^^^^^^^^^^^^^^^^^^^^^^^^^^^^^^^^^^
  File "E:\GeekBrains\Учеба GeekBrains\3 quarter. Final\2. Django framework (Seminars)\GB_Django\.venv\Lib\site-packages\django\template\engine.py", line 177, in get_template
    template, origin = self.find_template(template_name)
                       ^^^^^^^^^^^^^^^^^^^^^^^^^^^^^^^^^
  File "E:\GeekBrains\Учеба GeekBrains\3 quarter. Final\2. Django framework (Seminars)\GB_Django\.venv\Lib\site-packages\django\template\engine.py", line 159, in find_template
    template = loader.get_template(name, skip=skip)
               ^^^^^^^^^^^^^^^^^^^^^^^^^^^^^^^^^^^^
  File "E:\GeekBrains\Учеба GeekBrains\3 quarter. Final\2. Django framework (Seminars)\GB_Django\.venv\Lib\site-packages\django\template\loaders\cached.py", line 57, in get_template
    template = super().get_template(template_name, skip)
               ^^^^^^^^^^^^^^^^^^^^^^^^^^^^^^^^^^^^^^^^^
  File "E:\GeekBrains\Учеба GeekBrains\3 quarter. Final\2. Django framework (Seminars)\GB_Django\.venv\Lib\site-packages\django\template\loaders\base.py", line 28, in get_template
    return Template(
           ^^^^^^^^^
  File "E:\GeekBrains\Учеба GeekBrains\3 quarter. Final\2. Django framework (Seminars)\GB_Django\.venv\Lib\site-packages\django\template\base.py", line 154, in __init__
    self.nodelist = self.compile_nodelist()
                    ^^^^^^^^^^^^^^^^^^^^^^^
  File "E:\GeekBrains\Учеба GeekBrains\3 quarter. Final\2. Django framework (Seminars)\GB_Django\.venv\Lib\site-packages\django\template\base.py", line 196, in compile_nodelist
    return parser.parse()
           ^^^^^^^^^^^^^^
  File "E:\GeekBrains\Учеба GeekBrains\3 quarter. Final\2. Django framework (Seminars)\GB_Django\.venv\Lib\site-packages\django\template\base.py", line 510, in parse
    raise self.error(token, e)
  File "E:\GeekBrains\Учеба GeekBrains\3 quarter. Final\2. Django framework (Seminars)\GB_Django\.venv\Lib\site-packages\django\template\base.py", line 508, in parse
    compiled_result = compile_func(self, token)
                      ^^^^^^^^^^^^^^^^^^^^^^^^^
  File "E:\GeekBrains\Учеба GeekBrains\3 quarter. Final\2. Django framework (Seminars)\GB_Django\.venv\Lib\site-packages\django\template\defaulttags.py", line 861, in do_for
    nodelist_loop = parser.parse(
                    ^^^^^^^^^^^^^
  File "E:\GeekBrains\Учеба GeekBrains\3 quarter. Final\2. Django framework (Seminars)\GB_Django\.venv\Lib\site-packages\django\template\base.py", line 510, in parse
    raise self.error(token, e)
  File "E:\GeekBrains\Учеба GeekBrains\3 quarter. Final\2. Django framework (Seminars)\GB_Django\.venv\Lib\site-packages\django\template\base.py", line 508, in parse
    compiled_result = compile_func(self, token)
                      ^^^^^^^^^^^^^^^^^^^^^^^^^
  File "E:\GeekBrains\Учеба GeekBrains\3 quarter. Final\2. Django framework (Seminars)\GB_Django\.venv\Lib\site-packages\django\template\defaulttags.py", line 975, in do_if
    nodelist = parser.parse(("endif",))
               ^^^^^^^^^^^^^^^^^^^^^^^^
  File "E:\GeekBrains\Учеба GeekBrains\3 quarter. Final\2. Django framework (Seminars)\GB_Django\.venv\Lib\site-packages\django\template\base.py", line 510, in parse
    raise self.error(token, e)
  File "E:\GeekBrains\Учеба GeekBrains\3 quarter. Final\2. Django framework (Seminars)\GB_Django\.venv\Lib\site-packages\django\template\base.py", line 508, in parse
    compiled_result = compile_func(self, token)
                      ^^^^^^^^^^^^^^^^^^^^^^^^^
  File "E:\GeekBrains\Учеба GeekBrains\3 quarter. Final\2. Django framework (Seminars)\GB_Django\.venv\Lib\site-packages\django\template\defaulttags.py", line 961, in do_if
    nodelist = parser.parse(("elif", "else", "endif"))
               ^^^^^^^^^^^^^^^^^^^^^^^^^^^^^^^^^^^^^^^
  File "E:\GeekBrains\Учеба GeekBrains\3 quarter. Final\2. Django framework (Seminars)\GB_Django\.venv\Lib\site-packages\django\template\base.py", line 481, in parse
    raise self.error(token, e)
  File "E:\GeekBrains\Учеба GeekBrains\3 quarter. Final\2. Django framework (Seminars)\GB_Django\.venv\Lib\site-packages\django\template\base.py", line 479, in parse
    filter_expression = self.compile_filter(token.contents)
                        ^^^^^^^^^^^^^^^^^^^^^^^^^^^^^^^^^^^
  File "E:\GeekBrains\Учеба GeekBrains\3 quarter. Final\2. Django framework (Seminars)\GB_Django\.venv\Lib\site-packages\django\template\base.py", line 597, in compile_filter
    return FilterExpression(token, self)
           ^^^^^^^^^^^^^^^^^^^^^^^^^^^^^
  File "E:\GeekBrains\Учеба GeekBrains\3 quarter. Final\2. Django framework (Seminars)\GB_Django\.venv\Lib\site-packages\django\template\base.py", line 698, in __init__
    raise TemplateSyntaxError(
django.template.exceptions.TemplateSyntaxError: Could not parse the remainder: '(',')[0].split(':')[1]' from 'message.split(',')[0].split(':')[1]'
ERROR 2024-04-10 03:08:05,345 basehttp 17732 17852 "GET /shop/ordered_items/365 HTTP/1.1" 500 204892
INFO 2024-04-10 03:08:53,347 basehttp 17732 17852 "GET /shop/ordered_items/365 HTTP/1.1" 200 519
INFO 2024-04-10 03:09:00,160 basehttp 17732 17852 "GET /shop/ordered_items/7 HTTP/1.1" 200 519
INFO 2024-04-10 03:09:04,894 basehttp 17732 17852 "GET /shop/ordered_items/30 HTTP/1.1" 200 519
INFO 2024-04-10 03:09:08,596 basehttp 17732 17852 "GET /shop/ordered_items/365 HTTP/1.1" 200 519
INFO 2024-04-10 03:10:50,608 basehttp 17732 17852 "GET /shop/ordered_items/365 HTTP/1.1" 200 37849
INFO 2024-04-10 03:11:09,485 basehttp 17732 17852 "GET /shop/ordered_items/7 HTTP/1.1" 200 18040
INFO 2024-04-10 03:11:17,837 basehttp 17732 17852 "GET /shop/ordered_items/30 HTTP/1.1" 200 18923
INFO 2024-04-10 03:11:31,798 basehttp 17732 17852 "GET /shop/ordered_items/365 HTTP/1.1" 200 37849
INFO 2024-04-10 03:13:03,451 basehttp 17732 17852 "GET /shop/ordered_items/365 HTTP/1.1" 200 37849
INFO 2024-04-10 03:13:10,869 basehttp 17732 17852 "GET /shop/ordered_items/365 HTTP/1.1" 200 37849
INFO 2024-04-10 03:13:13,912 basehttp 17732 17852 "GET /shop/ordered_items/365 HTTP/1.1" 200 37849
INFO 2024-04-10 03:13:37,636 basehttp 17732 17852 "GET /shop/ordered_items/365 HTTP/1.1" 200 44320
INFO 2024-04-10 03:15:24,664 basehttp 17732 17852 "GET /shop/ordered_items/365 HTTP/1.1" 200 44320
ERROR 2024-04-10 03:15:26,194 log 17732 17852 Internal Server Error: /shop/ordered_items/365
Traceback (most recent call last):
  File "E:\GeekBrains\Учеба GeekBrains\3 quarter. Final\2. Django framework (Seminars)\GB_Django\.venv\Lib\site-packages\django\core\handlers\exception.py", line 55, in inner
    response = get_response(request)
               ^^^^^^^^^^^^^^^^^^^^^
  File "E:\GeekBrains\Учеба GeekBrains\3 quarter. Final\2. Django framework (Seminars)\GB_Django\.venv\Lib\site-packages\django\core\handlers\base.py", line 197, in _get_response
    response = wrapped_callback(request, *callback_args, **callback_kwargs)
               ^^^^^^^^^^^^^^^^^^^^^^^^^^^^^^^^^^^^^^^^^^^^^^^^^^^^^^^^^^^^
  File "E:\GeekBrains\Учеба GeekBrains\3 quarter. Final\2. Django framework (Seminars)\GB_Django\Seminar3\HomeWork\shopapp\views.py", line 67, in customer_ordered_items
    return render(request, 'shopapp/ordered_items.html', context)
           ^^^^^^^^^^^^^^^^^^^^^^^^^^^^^^^^^^^^^^^^^^^^^^^^^^^^^^
  File "E:\GeekBrains\Учеба GeekBrains\3 quarter. Final\2. Django framework (Seminars)\GB_Django\.venv\Lib\site-packages\django\shortcuts.py", line 25, in render
    content = loader.render_to_string(template_name, context, request, using=using)
              ^^^^^^^^^^^^^^^^^^^^^^^^^^^^^^^^^^^^^^^^^^^^^^^^^^^^^^^^^^^^^^^^^^^^^
  File "E:\GeekBrains\Учеба GeekBrains\3 quarter. Final\2. Django framework (Seminars)\GB_Django\.venv\Lib\site-packages\django\template\loader.py", line 61, in render_to_string
    template = get_template(template_name, using=using)
               ^^^^^^^^^^^^^^^^^^^^^^^^^^^^^^^^^^^^^^^^
  File "E:\GeekBrains\Учеба GeekBrains\3 quarter. Final\2. Django framework (Seminars)\GB_Django\.venv\Lib\site-packages\django\template\loader.py", line 15, in get_template
    return engine.get_template(template_name)
           ^^^^^^^^^^^^^^^^^^^^^^^^^^^^^^^^^^
  File "E:\GeekBrains\Учеба GeekBrains\3 quarter. Final\2. Django framework (Seminars)\GB_Django\.venv\Lib\site-packages\django\template\backends\django.py", line 33, in get_template
    return Template(self.engine.get_template(template_name), self)
                    ^^^^^^^^^^^^^^^^^^^^^^^^^^^^^^^^^^^^^^^
  File "E:\GeekBrains\Учеба GeekBrains\3 quarter. Final\2. Django framework (Seminars)\GB_Django\.venv\Lib\site-packages\django\template\engine.py", line 177, in get_template
    template, origin = self.find_template(template_name)
                       ^^^^^^^^^^^^^^^^^^^^^^^^^^^^^^^^^
  File "E:\GeekBrains\Учеба GeekBrains\3 quarter. Final\2. Django framework (Seminars)\GB_Django\.venv\Lib\site-packages\django\template\engine.py", line 159, in find_template
    template = loader.get_template(name, skip=skip)
               ^^^^^^^^^^^^^^^^^^^^^^^^^^^^^^^^^^^^
  File "E:\GeekBrains\Учеба GeekBrains\3 quarter. Final\2. Django framework (Seminars)\GB_Django\.venv\Lib\site-packages\django\template\loaders\cached.py", line 57, in get_template
    template = super().get_template(template_name, skip)
               ^^^^^^^^^^^^^^^^^^^^^^^^^^^^^^^^^^^^^^^^^
  File "E:\GeekBrains\Учеба GeekBrains\3 quarter. Final\2. Django framework (Seminars)\GB_Django\.venv\Lib\site-packages\django\template\loaders\base.py", line 28, in get_template
    return Template(
           ^^^^^^^^^
  File "E:\GeekBrains\Учеба GeekBrains\3 quarter. Final\2. Django framework (Seminars)\GB_Django\.venv\Lib\site-packages\django\template\base.py", line 154, in __init__
    self.nodelist = self.compile_nodelist()
                    ^^^^^^^^^^^^^^^^^^^^^^^
  File "E:\GeekBrains\Учеба GeekBrains\3 quarter. Final\2. Django framework (Seminars)\GB_Django\.venv\Lib\site-packages\django\template\base.py", line 196, in compile_nodelist
    return parser.parse()
           ^^^^^^^^^^^^^^
  File "E:\GeekBrains\Учеба GeekBrains\3 quarter. Final\2. Django framework (Seminars)\GB_Django\.venv\Lib\site-packages\django\template\base.py", line 510, in parse
    raise self.error(token, e)
  File "E:\GeekBrains\Учеба GeekBrains\3 quarter. Final\2. Django framework (Seminars)\GB_Django\.venv\Lib\site-packages\django\template\base.py", line 508, in parse
    compiled_result = compile_func(self, token)
                      ^^^^^^^^^^^^^^^^^^^^^^^^^
  File "E:\GeekBrains\Учеба GeekBrains\3 quarter. Final\2. Django framework (Seminars)\GB_Django\.venv\Lib\site-packages\django\template\defaulttags.py", line 861, in do_for
    nodelist_loop = parser.parse(
                    ^^^^^^^^^^^^^
  File "E:\GeekBrains\Учеба GeekBrains\3 quarter. Final\2. Django framework (Seminars)\GB_Django\.venv\Lib\site-packages\django\template\base.py", line 510, in parse
    raise self.error(token, e)
  File "E:\GeekBrains\Учеба GeekBrains\3 quarter. Final\2. Django framework (Seminars)\GB_Django\.venv\Lib\site-packages\django\template\base.py", line 508, in parse
    compiled_result = compile_func(self, token)
                      ^^^^^^^^^^^^^^^^^^^^^^^^^
  File "E:\GeekBrains\Учеба GeekBrains\3 quarter. Final\2. Django framework (Seminars)\GB_Django\.venv\Lib\site-packages\django\template\defaulttags.py", line 860, in do_for
    sequence = parser.compile_filter(bits[in_index + 1])
               ^^^^^^^^^^^^^^^^^^^^^^^^^^^^^^^^^^^^^^^^^
  File "E:\GeekBrains\Учеба GeekBrains\3 quarter. Final\2. Django framework (Seminars)\GB_Django\.venv\Lib\site-packages\django\template\base.py", line 597, in compile_filter
    return FilterExpression(token, self)
           ^^^^^^^^^^^^^^^^^^^^^^^^^^^^^
  File "E:\GeekBrains\Учеба GeekBrains\3 quarter. Final\2. Django framework (Seminars)\GB_Django\.venv\Lib\site-packages\django\template\base.py", line 698, in __init__
    raise TemplateSyntaxError(
django.template.exceptions.TemplateSyntaxError: Could not parse the remainder: '(customer.ordered_items)' from 'enumerate(customer.ordered_items)'
ERROR 2024-04-10 03:15:26,197 basehttp 17732 17852 "GET /shop/ordered_items/365 HTTP/1.1" 500 182170
INFO 2024-04-10 03:16:03,967 basehttp 17732 17852 "GET /shop/ordered_items/365 HTTP/1.1" 200 44320
ERROR 2024-04-10 03:16:15,896 log 17732 17852 Internal Server Error: /shop/ordered_items/365
Traceback (most recent call last):
  File "E:\GeekBrains\Учеба GeekBrains\3 quarter. Final\2. Django framework (Seminars)\GB_Django\.venv\Lib\site-packages\django\template\base.py", line 502, in parse
    compile_func = self.tags[command]
                   ~~~~~~~~~^^^^^^^^^
KeyError: 'set'

During handling of the above exception, another exception occurred:

Traceback (most recent call last):
  File "E:\GeekBrains\Учеба GeekBrains\3 quarter. Final\2. Django framework (Seminars)\GB_Django\.venv\Lib\site-packages\django\core\handlers\exception.py", line 55, in inner
    response = get_response(request)
               ^^^^^^^^^^^^^^^^^^^^^
  File "E:\GeekBrains\Учеба GeekBrains\3 quarter. Final\2. Django framework (Seminars)\GB_Django\.venv\Lib\site-packages\django\core\handlers\base.py", line 197, in _get_response
    response = wrapped_callback(request, *callback_args, **callback_kwargs)
               ^^^^^^^^^^^^^^^^^^^^^^^^^^^^^^^^^^^^^^^^^^^^^^^^^^^^^^^^^^^^
  File "E:\GeekBrains\Учеба GeekBrains\3 quarter. Final\2. Django framework (Seminars)\GB_Django\Seminar3\HomeWork\shopapp\views.py", line 67, in customer_ordered_items
    return render(request, 'shopapp/ordered_items.html', context)
           ^^^^^^^^^^^^^^^^^^^^^^^^^^^^^^^^^^^^^^^^^^^^^^^^^^^^^^
  File "E:\GeekBrains\Учеба GeekBrains\3 quarter. Final\2. Django framework (Seminars)\GB_Django\.venv\Lib\site-packages\django\shortcuts.py", line 25, in render
    content = loader.render_to_string(template_name, context, request, using=using)
              ^^^^^^^^^^^^^^^^^^^^^^^^^^^^^^^^^^^^^^^^^^^^^^^^^^^^^^^^^^^^^^^^^^^^^
  File "E:\GeekBrains\Учеба GeekBrains\3 quarter. Final\2. Django framework (Seminars)\GB_Django\.venv\Lib\site-packages\django\template\loader.py", line 61, in render_to_string
    template = get_template(template_name, using=using)
               ^^^^^^^^^^^^^^^^^^^^^^^^^^^^^^^^^^^^^^^^
  File "E:\GeekBrains\Учеба GeekBrains\3 quarter. Final\2. Django framework (Seminars)\GB_Django\.venv\Lib\site-packages\django\template\loader.py", line 15, in get_template
    return engine.get_template(template_name)
           ^^^^^^^^^^^^^^^^^^^^^^^^^^^^^^^^^^
  File "E:\GeekBrains\Учеба GeekBrains\3 quarter. Final\2. Django framework (Seminars)\GB_Django\.venv\Lib\site-packages\django\template\backends\django.py", line 33, in get_template
    return Template(self.engine.get_template(template_name), self)
                    ^^^^^^^^^^^^^^^^^^^^^^^^^^^^^^^^^^^^^^^
  File "E:\GeekBrains\Учеба GeekBrains\3 quarter. Final\2. Django framework (Seminars)\GB_Django\.venv\Lib\site-packages\django\template\engine.py", line 177, in get_template
    template, origin = self.find_template(template_name)
                       ^^^^^^^^^^^^^^^^^^^^^^^^^^^^^^^^^
  File "E:\GeekBrains\Учеба GeekBrains\3 quarter. Final\2. Django framework (Seminars)\GB_Django\.venv\Lib\site-packages\django\template\engine.py", line 159, in find_template
    template = loader.get_template(name, skip=skip)
               ^^^^^^^^^^^^^^^^^^^^^^^^^^^^^^^^^^^^
  File "E:\GeekBrains\Учеба GeekBrains\3 quarter. Final\2. Django framework (Seminars)\GB_Django\.venv\Lib\site-packages\django\template\loaders\cached.py", line 57, in get_template
    template = super().get_template(template_name, skip)
               ^^^^^^^^^^^^^^^^^^^^^^^^^^^^^^^^^^^^^^^^^
  File "E:\GeekBrains\Учеба GeekBrains\3 quarter. Final\2. Django framework (Seminars)\GB_Django\.venv\Lib\site-packages\django\template\loaders\base.py", line 28, in get_template
    return Template(
           ^^^^^^^^^
  File "E:\GeekBrains\Учеба GeekBrains\3 quarter. Final\2. Django framework (Seminars)\GB_Django\.venv\Lib\site-packages\django\template\base.py", line 154, in __init__
    self.nodelist = self.compile_nodelist()
                    ^^^^^^^^^^^^^^^^^^^^^^^
  File "E:\GeekBrains\Учеба GeekBrains\3 quarter. Final\2. Django framework (Seminars)\GB_Django\.venv\Lib\site-packages\django\template\base.py", line 196, in compile_nodelist
    return parser.parse()
           ^^^^^^^^^^^^^^
  File "E:\GeekBrains\Учеба GeekBrains\3 quarter. Final\2. Django framework (Seminars)\GB_Django\.venv\Lib\site-packages\django\template\base.py", line 504, in parse
    self.invalid_block_tag(token, command, parse_until)
  File "E:\GeekBrains\Учеба GeekBrains\3 quarter. Final\2. Django framework (Seminars)\GB_Django\.venv\Lib\site-packages\django\template\base.py", line 565, in invalid_block_tag
    raise self.error(
django.template.exceptions.TemplateSyntaxError: Invalid block tag on line 19: 'set'. Did you forget to register or load this tag?
ERROR 2024-04-10 03:16:15,899 basehttp 17732 17852 "GET /shop/ordered_items/365 HTTP/1.1" 500 153640
ERROR 2024-04-10 03:16:18,253 log 17732 17852 Internal Server Error: /shop/ordered_items/365
Traceback (most recent call last):
  File "E:\GeekBrains\Учеба GeekBrains\3 quarter. Final\2. Django framework (Seminars)\GB_Django\.venv\Lib\site-packages\django\template\base.py", line 502, in parse
    compile_func = self.tags[command]
                   ~~~~~~~~~^^^^^^^^^
KeyError: 'set'

During handling of the above exception, another exception occurred:

Traceback (most recent call last):
  File "E:\GeekBrains\Учеба GeekBrains\3 quarter. Final\2. Django framework (Seminars)\GB_Django\.venv\Lib\site-packages\django\core\handlers\exception.py", line 55, in inner
    response = get_response(request)
               ^^^^^^^^^^^^^^^^^^^^^
  File "E:\GeekBrains\Учеба GeekBrains\3 quarter. Final\2. Django framework (Seminars)\GB_Django\.venv\Lib\site-packages\django\core\handlers\base.py", line 197, in _get_response
    response = wrapped_callback(request, *callback_args, **callback_kwargs)
               ^^^^^^^^^^^^^^^^^^^^^^^^^^^^^^^^^^^^^^^^^^^^^^^^^^^^^^^^^^^^
  File "E:\GeekBrains\Учеба GeekBrains\3 quarter. Final\2. Django framework (Seminars)\GB_Django\Seminar3\HomeWork\shopapp\views.py", line 67, in customer_ordered_items
    return render(request, 'shopapp/ordered_items.html', context)
           ^^^^^^^^^^^^^^^^^^^^^^^^^^^^^^^^^^^^^^^^^^^^^^^^^^^^^^
  File "E:\GeekBrains\Учеба GeekBrains\3 quarter. Final\2. Django framework (Seminars)\GB_Django\.venv\Lib\site-packages\django\shortcuts.py", line 25, in render
    content = loader.render_to_string(template_name, context, request, using=using)
              ^^^^^^^^^^^^^^^^^^^^^^^^^^^^^^^^^^^^^^^^^^^^^^^^^^^^^^^^^^^^^^^^^^^^^
  File "E:\GeekBrains\Учеба GeekBrains\3 quarter. Final\2. Django framework (Seminars)\GB_Django\.venv\Lib\site-packages\django\template\loader.py", line 61, in render_to_string
    template = get_template(template_name, using=using)
               ^^^^^^^^^^^^^^^^^^^^^^^^^^^^^^^^^^^^^^^^
  File "E:\GeekBrains\Учеба GeekBrains\3 quarter. Final\2. Django framework (Seminars)\GB_Django\.venv\Lib\site-packages\django\template\loader.py", line 15, in get_template
    return engine.get_template(template_name)
           ^^^^^^^^^^^^^^^^^^^^^^^^^^^^^^^^^^
  File "E:\GeekBrains\Учеба GeekBrains\3 quarter. Final\2. Django framework (Seminars)\GB_Django\.venv\Lib\site-packages\django\template\backends\django.py", line 33, in get_template
    return Template(self.engine.get_template(template_name), self)
                    ^^^^^^^^^^^^^^^^^^^^^^^^^^^^^^^^^^^^^^^
  File "E:\GeekBrains\Учеба GeekBrains\3 quarter. Final\2. Django framework (Seminars)\GB_Django\.venv\Lib\site-packages\django\template\engine.py", line 177, in get_template
    template, origin = self.find_template(template_name)
                       ^^^^^^^^^^^^^^^^^^^^^^^^^^^^^^^^^
  File "E:\GeekBrains\Учеба GeekBrains\3 quarter. Final\2. Django framework (Seminars)\GB_Django\.venv\Lib\site-packages\django\template\engine.py", line 159, in find_template
    template = loader.get_template(name, skip=skip)
               ^^^^^^^^^^^^^^^^^^^^^^^^^^^^^^^^^^^^
  File "E:\GeekBrains\Учеба GeekBrains\3 quarter. Final\2. Django framework (Seminars)\GB_Django\.venv\Lib\site-packages\django\template\loaders\cached.py", line 57, in get_template
    template = super().get_template(template_name, skip)
               ^^^^^^^^^^^^^^^^^^^^^^^^^^^^^^^^^^^^^^^^^
  File "E:\GeekBrains\Учеба GeekBrains\3 quarter. Final\2. Django framework (Seminars)\GB_Django\.venv\Lib\site-packages\django\template\loaders\base.py", line 28, in get_template
    return Template(
           ^^^^^^^^^
  File "E:\GeekBrains\Учеба GeekBrains\3 quarter. Final\2. Django framework (Seminars)\GB_Django\.venv\Lib\site-packages\django\template\base.py", line 154, in __init__
    self.nodelist = self.compile_nodelist()
                    ^^^^^^^^^^^^^^^^^^^^^^^
  File "E:\GeekBrains\Учеба GeekBrains\3 quarter. Final\2. Django framework (Seminars)\GB_Django\.venv\Lib\site-packages\django\template\base.py", line 196, in compile_nodelist
    return parser.parse()
           ^^^^^^^^^^^^^^
  File "E:\GeekBrains\Учеба GeekBrains\3 quarter. Final\2. Django framework (Seminars)\GB_Django\.venv\Lib\site-packages\django\template\base.py", line 504, in parse
    self.invalid_block_tag(token, command, parse_until)
  File "E:\GeekBrains\Учеба GeekBrains\3 quarter. Final\2. Django framework (Seminars)\GB_Django\.venv\Lib\site-packages\django\template\base.py", line 565, in invalid_block_tag
    raise self.error(
django.template.exceptions.TemplateSyntaxError: Invalid block tag on line 19: 'set'. Did you forget to register or load this tag?
ERROR 2024-04-10 03:16:18,256 basehttp 17732 17852 "GET /shop/ordered_items/365 HTTP/1.1" 500 153640
INFO 2024-04-10 03:16:22,624 basehttp 17732 17852 "GET /shop/ordered_items/365 HTTP/1.1" 200 44320
